2025-09-03T00:04:30.087+05:30  INFO 8044 --- [User-Service] [http-nio-3000-exec-1] o.a.c.c.C.[Tomcat].[localhost].[/]       : Initializing Spring DispatcherServlet 'dispatcherServlet'
2025-09-03T00:04:30.097+05:30  INFO 8044 --- [User-Service] [http-nio-3000-exec-1] o.s.web.servlet.DispatcherServlet        : Initializing Servlet 'dispatcherServlet'
2025-09-03T00:04:30.106+05:30  INFO 8044 --- [User-Service] [http-nio-3000-exec-1] o.s.web.servlet.DispatcherServlet        : Completed initialization in 9 ms
2025-09-03T00:10:56.023+05:30  INFO 8044 --- [User-Service] [SpringApplicationShutdownHook] o.s.b.w.e.tomcat.GracefulShutdown        : Commencing graceful shutdown. Waiting for active requests to complete
2025-09-03T00:10:56.042+05:30  INFO 8044 --- [User-Service] [tomcat-shutdown] o.s.b.w.e.tomcat.GracefulShutdown        : Graceful shutdown complete
2025-09-03T00:10:56.044+05:30  INFO 8044 --- [User-Service] [SpringApplicationShutdownHook] j.LocalContainerEntityManagerFactoryBean : Closing JPA EntityManagerFactory for persistence unit 'default'
2025-09-03T00:10:56.052+05:30  INFO 8044 --- [User-Service] [SpringApplicationShutdownHook] com.zaxxer.hikari.HikariDataSource       : HikariPool-1 - Shutdown initiated...
2025-09-03T00:10:56.065+05:30  INFO 8044 --- [User-Service] [SpringApplicationShutdownHook] com.zaxxer.hikari.HikariDataSource       : HikariPool-1 - Shutdown completed.
2025-09-03T00:11:00.310+05:30  INFO 10980 --- [User-Service] [main] c.C.UserService.UserServiceApplication   : Starting UserServiceApplication using Java 21.0.7 with PID 10980 (D:\Programming\Java_Programming\Projects\Code-Cluster\UserService\target\classes started by sudar in D:\Programming\Java_Programming\Projects\Code-Cluster)
2025-09-03T00:11:00.313+05:30  INFO 10980 --- [User-Service] [main] c.C.UserService.UserServiceApplication   : No active profile set, falling back to 1 default profile: "default"
2025-09-03T00:11:01.657+05:30  INFO 10980 --- [User-Service] [main] .s.d.r.c.RepositoryConfigurationDelegate : Bootstrapping Spring Data JPA repositories in DEFAULT mode.
2025-09-03T00:11:01.780+05:30  INFO 10980 --- [User-Service] [main] .s.d.r.c.RepositoryConfigurationDelegate : Finished Spring Data repository scanning in 103 ms. Found 1 JPA repository interface.
2025-09-03T00:11:02.591+05:30  INFO 10980 --- [User-Service] [main] o.s.b.w.embedded.tomcat.TomcatWebServer  : Tomcat initialized with port 3000 (http)
2025-09-03T00:11:02.623+05:30  INFO 10980 --- [User-Service] [main] o.apache.catalina.core.StandardService   : Starting service [Tomcat]
2025-09-03T00:11:02.627+05:30  INFO 10980 --- [User-Service] [main] o.apache.catalina.core.StandardEngine    : Starting Servlet engine: [Apache Tomcat/10.1.44]
2025-09-03T00:11:02.722+05:30  INFO 10980 --- [User-Service] [main] o.a.c.c.C.[Tomcat].[localhost].[/]       : Initializing Spring embedded WebApplicationContext
2025-09-03T00:11:02.722+05:30  INFO 10980 --- [User-Service] [main] w.s.c.ServletWebServerApplicationContext : Root WebApplicationContext: initialization completed in 2337 ms
2025-09-03T00:11:02.892+05:30  INFO 10980 --- [User-Service] [main] com.zaxxer.hikari.HikariDataSource       : HikariPool-1 - Starting...
2025-09-03T00:11:03.413+05:30  INFO 10980 --- [User-Service] [main] com.zaxxer.hikari.pool.HikariPool        : HikariPool-1 - Added connection com.mysql.cj.jdbc.ConnectionImpl@5348d83c
2025-09-03T00:11:03.420+05:30  INFO 10980 --- [User-Service] [main] com.zaxxer.hikari.HikariDataSource       : HikariPool-1 - Start completed.
2025-09-03T00:11:03.575+05:30  INFO 10980 --- [User-Service] [main] o.hibernate.jpa.internal.util.LogHelper  : HHH000204: Processing PersistenceUnitInfo [name: default]
2025-09-03T00:11:03.657+05:30  INFO 10980 --- [User-Service] [main] org.hibernate.Version                    : HHH000412: Hibernate ORM core version 6.6.26.Final
2025-09-03T00:11:03.714+05:30  INFO 10980 --- [User-Service] [main] o.h.c.internal.RegionFactoryInitiator    : HHH000026: Second-level cache disabled
2025-09-03T00:11:04.102+05:30  INFO 10980 --- [User-Service] [main] o.s.o.j.p.SpringPersistenceUnitInfo      : No LoadTimeWeaver setup: ignoring JPA class transformer
2025-09-03T00:11:04.262+05:30  INFO 10980 --- [User-Service] [main] org.hibernate.orm.connections.pooling    : HHH10001005: Database info:
	Database JDBC URL [Connecting through datasource 'HikariDataSource (HikariPool-1)']
	Database driver: undefined/unknown
	Database version: 8.0.36
	Autocommit mode: undefined/unknown
	Isolation level: undefined/unknown
	Minimum pool size: undefined/unknown
	Maximum pool size: undefined/unknown
2025-09-03T00:11:05.239+05:30  INFO 10980 --- [User-Service] [main] o.h.e.t.j.p.i.JtaPlatformInitiator       : HHH000489: No JTA platform available (set 'hibernate.transaction.jta.platform' to enable JTA platform integration)
2025-09-03T00:11:05.290+05:30  INFO 10980 --- [User-Service] [main] j.LocalContainerEntityManagerFactoryBean : Initialized JPA EntityManagerFactory for persistence unit 'default'
2025-09-03T00:11:05.780+05:30  WARN 10980 --- [User-Service] [main] JpaBaseConfiguration$JpaWebConfiguration : spring.jpa.open-in-view is enabled by default. Therefore, database queries may be performed during view rendering. Explicitly configure spring.jpa.open-in-view to disable this warning
2025-09-03T00:11:05.842+05:30  INFO 10980 --- [User-Service] [main] o.s.v.b.OptionalValidatorFactoryBean     : Failed to set up a Bean Validation provider: jakarta.validation.NoProviderFoundException: Unable to create a Configuration, because no Jakarta Bean Validation provider could be found. Add a provider like Hibernate Validator (RI) to your classpath.
2025-09-03T00:11:06.446+05:30  INFO 10980 --- [User-Service] [main] o.s.b.w.embedded.tomcat.TomcatWebServer  : Tomcat started on port 3000 (http) with context path '/'
2025-09-03T00:11:06.461+05:30  INFO 10980 --- [User-Service] [main] c.C.UserService.UserServiceApplication   : Started UserServiceApplication in 6.986 seconds (process running for 7.587)
2025-09-03T00:11:12.495+05:30  INFO 10980 --- [User-Service] [http-nio-3000-exec-2] o.a.c.c.C.[Tomcat].[localhost].[/]       : Initializing Spring DispatcherServlet 'dispatcherServlet'
2025-09-03T00:11:12.495+05:30  INFO 10980 --- [User-Service] [http-nio-3000-exec-2] o.s.web.servlet.DispatcherServlet        : Initializing Servlet 'dispatcherServlet'
2025-09-03T00:11:12.495+05:30  INFO 10980 --- [User-Service] [http-nio-3000-exec-2] o.s.web.servlet.DispatcherServlet        : Completed initialization in 0 ms
2025-09-03T00:25:07.571+05:30  INFO 10980 --- [User-Service] [SpringApplicationShutdownHook] o.s.b.w.e.tomcat.GracefulShutdown        : Commencing graceful shutdown. Waiting for active requests to complete
2025-09-03T00:25:07.770+05:30  INFO 10980 --- [User-Service] [tomcat-shutdown] o.s.b.w.e.tomcat.GracefulShutdown        : Graceful shutdown complete
2025-09-03T00:25:07.956+05:30  INFO 10980 --- [User-Service] [SpringApplicationShutdownHook] j.LocalContainerEntityManagerFactoryBean : Closing JPA EntityManagerFactory for persistence unit 'default'
2025-09-03T00:25:08.051+05:30  INFO 10980 --- [User-Service] [SpringApplicationShutdownHook] com.zaxxer.hikari.HikariDataSource       : HikariPool-1 - Shutdown initiated...
2025-09-03T00:25:08.151+05:30  INFO 10980 --- [User-Service] [SpringApplicationShutdownHook] com.zaxxer.hikari.HikariDataSource       : HikariPool-1 - Shutdown completed.
2025-09-03T00:25:14.245+05:30  INFO 21664 --- [User-Service] [main] c.C.UserService.UserServiceApplication   : Starting UserServiceApplication using Java 21.0.7 with PID 21664 (D:\Programming\Java_Programming\Projects\Code-Cluster\UserService\target\classes started by sudar in D:\Programming\Java_Programming\Projects\Code-Cluster)
2025-09-03T00:25:14.252+05:30  INFO 21664 --- [User-Service] [main] c.C.UserService.UserServiceApplication   : No active profile set, falling back to 1 default profile: "default"
2025-09-03T00:25:15.588+05:30  INFO 21664 --- [User-Service] [main] .s.d.r.c.RepositoryConfigurationDelegate : Bootstrapping Spring Data JPA repositories in DEFAULT mode.
2025-09-03T00:25:15.702+05:30  INFO 21664 --- [User-Service] [main] .s.d.r.c.RepositoryConfigurationDelegate : Finished Spring Data repository scanning in 93 ms. Found 1 JPA repository interface.
2025-09-03T00:25:16.480+05:30  INFO 21664 --- [User-Service] [main] o.s.b.w.embedded.tomcat.TomcatWebServer  : Tomcat initialized with port 3000 (http)
2025-09-03T00:25:16.506+05:30  INFO 21664 --- [User-Service] [main] o.apache.catalina.core.StandardService   : Starting service [Tomcat]
2025-09-03T00:25:16.506+05:30  INFO 21664 --- [User-Service] [main] o.apache.catalina.core.StandardEngine    : Starting Servlet engine: [Apache Tomcat/10.1.44]
2025-09-03T00:25:16.599+05:30  INFO 21664 --- [User-Service] [main] o.a.c.c.C.[Tomcat].[localhost].[/]       : Initializing Spring embedded WebApplicationContext
2025-09-03T00:25:16.599+05:30  INFO 21664 --- [User-Service] [main] w.s.c.ServletWebServerApplicationContext : Root WebApplicationContext: initialization completed in 2245 ms
2025-09-03T00:25:16.753+05:30  INFO 21664 --- [User-Service] [main] com.zaxxer.hikari.HikariDataSource       : HikariPool-1 - Starting...
2025-09-03T00:25:17.506+05:30  INFO 21664 --- [User-Service] [main] com.zaxxer.hikari.pool.HikariPool        : HikariPool-1 - Added connection com.mysql.cj.jdbc.ConnectionImpl@bd3eff4
2025-09-03T00:25:17.509+05:30  INFO 21664 --- [User-Service] [main] com.zaxxer.hikari.HikariDataSource       : HikariPool-1 - Start completed.
2025-09-03T00:25:17.841+05:30  INFO 21664 --- [User-Service] [main] o.hibernate.jpa.internal.util.LogHelper  : HHH000204: Processing PersistenceUnitInfo [name: default]
2025-09-03T00:25:17.939+05:30  INFO 21664 --- [User-Service] [main] org.hibernate.Version                    : HHH000412: Hibernate ORM core version 6.6.26.Final
2025-09-03T00:25:17.997+05:30  INFO 21664 --- [User-Service] [main] o.h.c.internal.RegionFactoryInitiator    : HHH000026: Second-level cache disabled
2025-09-03T00:25:18.412+05:30  INFO 21664 --- [User-Service] [main] o.s.o.j.p.SpringPersistenceUnitInfo      : No LoadTimeWeaver setup: ignoring JPA class transformer
2025-09-03T00:25:18.603+05:30  INFO 21664 --- [User-Service] [main] org.hibernate.orm.connections.pooling    : HHH10001005: Database info:
	Database JDBC URL [Connecting through datasource 'HikariDataSource (HikariPool-1)']
	Database driver: undefined/unknown
	Database version: 8.0.36
	Autocommit mode: undefined/unknown
	Isolation level: undefined/unknown
	Minimum pool size: undefined/unknown
	Maximum pool size: undefined/unknown
2025-09-03T00:25:19.548+05:30  INFO 21664 --- [User-Service] [main] o.h.e.t.j.p.i.JtaPlatformInitiator       : HHH000489: No JTA platform available (set 'hibernate.transaction.jta.platform' to enable JTA platform integration)
2025-09-03T00:25:19.726+05:30  INFO 21664 --- [User-Service] [main] j.LocalContainerEntityManagerFactoryBean : Initialized JPA EntityManagerFactory for persistence unit 'default'
2025-09-03T00:25:20.232+05:30  WARN 21664 --- [User-Service] [main] JpaBaseConfiguration$JpaWebConfiguration : spring.jpa.open-in-view is enabled by default. Therefore, database queries may be performed during view rendering. Explicitly configure spring.jpa.open-in-view to disable this warning
2025-09-03T00:25:20.293+05:30  INFO 21664 --- [User-Service] [main] o.s.v.b.OptionalValidatorFactoryBean     : Failed to set up a Bean Validation provider: jakarta.validation.NoProviderFoundException: Unable to create a Configuration, because no Jakarta Bean Validation provider could be found. Add a provider like Hibernate Validator (RI) to your classpath.
2025-09-03T00:25:20.865+05:30  INFO 21664 --- [User-Service] [main] o.s.b.w.embedded.tomcat.TomcatWebServer  : Tomcat started on port 3000 (http) with context path '/'
2025-09-03T00:25:20.878+05:30  INFO 21664 --- [User-Service] [main] c.C.UserService.UserServiceApplication   : Started UserServiceApplication in 7.464 seconds (process running for 8.041)
2025-09-03T00:25:25.363+05:30  INFO 21664 --- [User-Service] [http-nio-3000-exec-1] o.a.c.c.C.[Tomcat].[localhost].[/]       : Initializing Spring DispatcherServlet 'dispatcherServlet'
2025-09-03T00:25:25.364+05:30  INFO 21664 --- [User-Service] [http-nio-3000-exec-1] o.s.web.servlet.DispatcherServlet        : Initializing Servlet 'dispatcherServlet'
2025-09-03T00:25:25.364+05:30  INFO 21664 --- [User-Service] [http-nio-3000-exec-1] o.s.web.servlet.DispatcherServlet        : Completed initialization in 0 ms
2025-09-03T00:26:32.294+05:30  INFO 21664 --- [User-Service] [SpringApplicationShutdownHook] o.s.b.w.e.tomcat.GracefulShutdown        : Commencing graceful shutdown. Waiting for active requests to complete
2025-09-03T00:26:32.305+05:30  INFO 21664 --- [User-Service] [tomcat-shutdown] o.s.b.w.e.tomcat.GracefulShutdown        : Graceful shutdown complete
2025-09-03T00:26:32.308+05:30  INFO 21664 --- [User-Service] [SpringApplicationShutdownHook] j.LocalContainerEntityManagerFactoryBean : Closing JPA EntityManagerFactory for persistence unit 'default'
2025-09-03T00:26:32.308+05:30  INFO 21664 --- [User-Service] [SpringApplicationShutdownHook] com.zaxxer.hikari.HikariDataSource       : HikariPool-1 - Shutdown initiated...
2025-09-03T00:26:32.319+05:30  INFO 21664 --- [User-Service] [SpringApplicationShutdownHook] com.zaxxer.hikari.HikariDataSource       : HikariPool-1 - Shutdown completed.
2025-09-03T00:26:35.813+05:30  INFO 16448 --- [User-Service] [main] c.C.UserService.UserServiceApplication   : Starting UserServiceApplication using Java 21.0.7 with PID 16448 (D:\Programming\Java_Programming\Projects\Code-Cluster\UserService\target\classes started by sudar in D:\Programming\Java_Programming\Projects\Code-Cluster)
2025-09-03T00:26:35.816+05:30  INFO 16448 --- [User-Service] [main] c.C.UserService.UserServiceApplication   : No active profile set, falling back to 1 default profile: "default"
2025-09-03T00:26:36.678+05:30  INFO 16448 --- [User-Service] [main] .s.d.r.c.RepositoryConfigurationDelegate : Bootstrapping Spring Data JPA repositories in DEFAULT mode.
2025-09-03T00:26:36.760+05:30  INFO 16448 --- [User-Service] [main] .s.d.r.c.RepositoryConfigurationDelegate : Finished Spring Data repository scanning in 65 ms. Found 1 JPA repository interface.
2025-09-03T00:26:37.344+05:30  INFO 16448 --- [User-Service] [main] o.s.b.w.embedded.tomcat.TomcatWebServer  : Tomcat initialized with port 3000 (http)
2025-09-03T00:26:37.360+05:30  INFO 16448 --- [User-Service] [main] o.apache.catalina.core.StandardService   : Starting service [Tomcat]
2025-09-03T00:26:37.360+05:30  INFO 16448 --- [User-Service] [main] o.apache.catalina.core.StandardEngine    : Starting Servlet engine: [Apache Tomcat/10.1.44]
2025-09-03T00:26:37.427+05:30  INFO 16448 --- [User-Service] [main] o.a.c.c.C.[Tomcat].[localhost].[/]       : Initializing Spring embedded WebApplicationContext
2025-09-03T00:26:37.427+05:30  INFO 16448 --- [User-Service] [main] w.s.c.ServletWebServerApplicationContext : Root WebApplicationContext: initialization completed in 1550 ms
2025-09-03T00:26:37.576+05:30  INFO 16448 --- [User-Service] [main] com.zaxxer.hikari.HikariDataSource       : HikariPool-1 - Starting...
2025-09-03T00:26:38.136+05:30  INFO 16448 --- [User-Service] [main] com.zaxxer.hikari.pool.HikariPool        : HikariPool-1 - Added connection com.mysql.cj.jdbc.ConnectionImpl@4ea56bdb
2025-09-03T00:26:38.138+05:30  INFO 16448 --- [User-Service] [main] com.zaxxer.hikari.HikariDataSource       : HikariPool-1 - Start completed.
2025-09-03T00:26:38.297+05:30  INFO 16448 --- [User-Service] [main] o.hibernate.jpa.internal.util.LogHelper  : HHH000204: Processing PersistenceUnitInfo [name: default]
2025-09-03T00:26:38.392+05:30  INFO 16448 --- [User-Service] [main] org.hibernate.Version                    : HHH000412: Hibernate ORM core version 6.6.26.Final
2025-09-03T00:26:38.451+05:30  INFO 16448 --- [User-Service] [main] o.h.c.internal.RegionFactoryInitiator    : HHH000026: Second-level cache disabled
2025-09-03T00:26:38.889+05:30  INFO 16448 --- [User-Service] [main] o.s.o.j.p.SpringPersistenceUnitInfo      : No LoadTimeWeaver setup: ignoring JPA class transformer
2025-09-03T00:26:39.123+05:30  INFO 16448 --- [User-Service] [main] org.hibernate.orm.connections.pooling    : HHH10001005: Database info:
	Database JDBC URL [Connecting through datasource 'HikariDataSource (HikariPool-1)']
	Database driver: undefined/unknown
	Database version: 8.0.36
	Autocommit mode: undefined/unknown
	Isolation level: undefined/unknown
	Minimum pool size: undefined/unknown
	Maximum pool size: undefined/unknown
2025-09-03T00:26:40.026+05:30  INFO 16448 --- [User-Service] [main] o.h.e.t.j.p.i.JtaPlatformInitiator       : HHH000489: No JTA platform available (set 'hibernate.transaction.jta.platform' to enable JTA platform integration)
2025-09-03T00:26:40.103+05:30  INFO 16448 --- [User-Service] [main] j.LocalContainerEntityManagerFactoryBean : Initialized JPA EntityManagerFactory for persistence unit 'default'
2025-09-03T00:26:40.546+05:30  WARN 16448 --- [User-Service] [main] JpaBaseConfiguration$JpaWebConfiguration : spring.jpa.open-in-view is enabled by default. Therefore, database queries may be performed during view rendering. Explicitly configure spring.jpa.open-in-view to disable this warning
2025-09-03T00:26:40.613+05:30  INFO 16448 --- [User-Service] [main] o.s.v.b.OptionalValidatorFactoryBean     : Failed to set up a Bean Validation provider: jakarta.validation.NoProviderFoundException: Unable to create a Configuration, because no Jakarta Bean Validation provider could be found. Add a provider like Hibernate Validator (RI) to your classpath.
2025-09-03T00:26:41.042+05:30  INFO 16448 --- [User-Service] [main] o.s.b.w.embedded.tomcat.TomcatWebServer  : Tomcat started on port 3000 (http) with context path '/'
2025-09-03T00:26:41.051+05:30  INFO 16448 --- [User-Service] [main] c.C.UserService.UserServiceApplication   : Started UserServiceApplication in 5.881 seconds (process running for 6.398)
2025-09-03T00:26:48.411+05:30  INFO 16448 --- [User-Service] [http-nio-3000-exec-1] o.a.c.c.C.[Tomcat].[localhost].[/]       : Initializing Spring DispatcherServlet 'dispatcherServlet'
2025-09-03T00:26:48.411+05:30  INFO 16448 --- [User-Service] [http-nio-3000-exec-1] o.s.web.servlet.DispatcherServlet        : Initializing Servlet 'dispatcherServlet'
2025-09-03T00:26:48.411+05:30  INFO 16448 --- [User-Service] [http-nio-3000-exec-1] o.s.web.servlet.DispatcherServlet        : Completed initialization in 0 ms
2025-09-03T00:27:27.170+05:30  INFO 16448 --- [User-Service] [SpringApplicationShutdownHook] o.s.b.w.e.tomcat.GracefulShutdown        : Commencing graceful shutdown. Waiting for active requests to complete
2025-09-03T00:27:27.181+05:30  INFO 16448 --- [User-Service] [tomcat-shutdown] o.s.b.w.e.tomcat.GracefulShutdown        : Graceful shutdown complete
2025-09-03T00:27:27.189+05:30  INFO 16448 --- [User-Service] [SpringApplicationShutdownHook] j.LocalContainerEntityManagerFactoryBean : Closing JPA EntityManagerFactory for persistence unit 'default'
2025-09-03T00:27:27.189+05:30  INFO 16448 --- [User-Service] [SpringApplicationShutdownHook] com.zaxxer.hikari.HikariDataSource       : HikariPool-1 - Shutdown initiated...
2025-09-03T00:27:27.197+05:30  INFO 16448 --- [User-Service] [SpringApplicationShutdownHook] com.zaxxer.hikari.HikariDataSource       : HikariPool-1 - Shutdown completed.
2025-09-03T00:27:30.585+05:30  INFO 21464 --- [User-Service] [main] c.C.UserService.UserServiceApplication   : Starting UserServiceApplication using Java 21.0.7 with PID 21464 (D:\Programming\Java_Programming\Projects\Code-Cluster\UserService\target\classes started by sudar in D:\Programming\Java_Programming\Projects\Code-Cluster)
2025-09-03T00:27:30.588+05:30  INFO 21464 --- [User-Service] [main] c.C.UserService.UserServiceApplication   : No active profile set, falling back to 1 default profile: "default"
2025-09-03T00:27:31.488+05:30  INFO 21464 --- [User-Service] [main] .s.d.r.c.RepositoryConfigurationDelegate : Bootstrapping Spring Data JPA repositories in DEFAULT mode.
2025-09-03T00:27:31.583+05:30  INFO 21464 --- [User-Service] [main] .s.d.r.c.RepositoryConfigurationDelegate : Finished Spring Data repository scanning in 83 ms. Found 1 JPA repository interface.
2025-09-03T00:27:32.197+05:30  INFO 21464 --- [User-Service] [main] o.s.b.w.embedded.tomcat.TomcatWebServer  : Tomcat initialized with port 3000 (http)
2025-09-03T00:27:32.212+05:30  INFO 21464 --- [User-Service] [main] o.apache.catalina.core.StandardService   : Starting service [Tomcat]
2025-09-03T00:27:32.218+05:30  INFO 21464 --- [User-Service] [main] o.apache.catalina.core.StandardEngine    : Starting Servlet engine: [Apache Tomcat/10.1.44]
2025-09-03T00:27:32.275+05:30  INFO 21464 --- [User-Service] [main] o.a.c.c.C.[Tomcat].[localhost].[/]       : Initializing Spring embedded WebApplicationContext
2025-09-03T00:27:32.276+05:30  INFO 21464 --- [User-Service] [main] w.s.c.ServletWebServerApplicationContext : Root WebApplicationContext: initialization completed in 1622 ms
2025-09-03T00:27:32.407+05:30  INFO 21464 --- [User-Service] [main] com.zaxxer.hikari.HikariDataSource       : HikariPool-1 - Starting...
2025-09-03T00:27:32.895+05:30  INFO 21464 --- [User-Service] [main] com.zaxxer.hikari.pool.HikariPool        : HikariPool-1 - Added connection com.mysql.cj.jdbc.ConnectionImpl@2443abd6
2025-09-03T00:27:32.895+05:30  INFO 21464 --- [User-Service] [main] com.zaxxer.hikari.HikariDataSource       : HikariPool-1 - Start completed.
2025-09-03T00:27:33.070+05:30  INFO 21464 --- [User-Service] [main] o.hibernate.jpa.internal.util.LogHelper  : HHH000204: Processing PersistenceUnitInfo [name: default]
2025-09-03T00:27:33.145+05:30  INFO 21464 --- [User-Service] [main] org.hibernate.Version                    : HHH000412: Hibernate ORM core version 6.6.26.Final
2025-09-03T00:27:33.196+05:30  INFO 21464 --- [User-Service] [main] o.h.c.internal.RegionFactoryInitiator    : HHH000026: Second-level cache disabled
2025-09-03T00:27:33.594+05:30  INFO 21464 --- [User-Service] [main] o.s.o.j.p.SpringPersistenceUnitInfo      : No LoadTimeWeaver setup: ignoring JPA class transformer
2025-09-03T00:27:33.717+05:30  INFO 21464 --- [User-Service] [main] org.hibernate.orm.connections.pooling    : HHH10001005: Database info:
	Database JDBC URL [Connecting through datasource 'HikariDataSource (HikariPool-1)']
	Database driver: undefined/unknown
	Database version: 8.0.36
	Autocommit mode: undefined/unknown
	Isolation level: undefined/unknown
	Minimum pool size: undefined/unknown
	Maximum pool size: undefined/unknown
2025-09-03T00:27:34.534+05:30  INFO 21464 --- [User-Service] [main] o.h.e.t.j.p.i.JtaPlatformInitiator       : HHH000489: No JTA platform available (set 'hibernate.transaction.jta.platform' to enable JTA platform integration)
2025-09-03T00:27:34.590+05:30  INFO 21464 --- [User-Service] [main] j.LocalContainerEntityManagerFactoryBean : Initialized JPA EntityManagerFactory for persistence unit 'default'
2025-09-03T00:27:35.046+05:30  WARN 21464 --- [User-Service] [main] JpaBaseConfiguration$JpaWebConfiguration : spring.jpa.open-in-view is enabled by default. Therefore, database queries may be performed during view rendering. Explicitly configure spring.jpa.open-in-view to disable this warning
2025-09-03T00:27:35.105+05:30  INFO 21464 --- [User-Service] [main] o.s.v.b.OptionalValidatorFactoryBean     : Failed to set up a Bean Validation provider: jakarta.validation.NoProviderFoundException: Unable to create a Configuration, because no Jakarta Bean Validation provider could be found. Add a provider like Hibernate Validator (RI) to your classpath.
2025-09-03T00:27:35.498+05:30  INFO 21464 --- [User-Service] [main] o.s.b.w.embedded.tomcat.TomcatWebServer  : Tomcat started on port 3000 (http) with context path '/'
2025-09-03T00:27:35.502+05:30  INFO 21464 --- [User-Service] [main] c.C.UserService.UserServiceApplication   : Started UserServiceApplication in 5.59 seconds (process running for 6.07)
2025-09-03T00:27:39.880+05:30  INFO 21464 --- [User-Service] [http-nio-3000-exec-1] o.a.c.c.C.[Tomcat].[localhost].[/]       : Initializing Spring DispatcherServlet 'dispatcherServlet'
2025-09-03T00:27:39.880+05:30  INFO 21464 --- [User-Service] [http-nio-3000-exec-1] o.s.web.servlet.DispatcherServlet        : Initializing Servlet 'dispatcherServlet'
2025-09-03T00:27:39.880+05:30  INFO 21464 --- [User-Service] [http-nio-3000-exec-1] o.s.web.servlet.DispatcherServlet        : Completed initialization in 0 ms
2025-09-03T00:28:05.901+05:30  INFO 21464 --- [User-Service] [SpringApplicationShutdownHook] o.s.b.w.e.tomcat.GracefulShutdown        : Commencing graceful shutdown. Waiting for active requests to complete
2025-09-03T00:28:05.901+05:30  INFO 21464 --- [User-Service] [tomcat-shutdown] o.s.b.w.e.tomcat.GracefulShutdown        : Graceful shutdown complete
2025-09-03T00:28:05.914+05:30  INFO 21464 --- [User-Service] [SpringApplicationShutdownHook] j.LocalContainerEntityManagerFactoryBean : Closing JPA EntityManagerFactory for persistence unit 'default'
2025-09-03T00:28:05.916+05:30  INFO 21464 --- [User-Service] [SpringApplicationShutdownHook] com.zaxxer.hikari.HikariDataSource       : HikariPool-1 - Shutdown initiated...
2025-09-03T00:28:05.927+05:30  INFO 21464 --- [User-Service] [SpringApplicationShutdownHook] com.zaxxer.hikari.HikariDataSource       : HikariPool-1 - Shutdown completed.
2025-09-03T00:28:09.556+05:30  INFO 22492 --- [User-Service] [main] c.C.UserService.UserServiceApplication   : Starting UserServiceApplication using Java 21.0.7 with PID 22492 (D:\Programming\Java_Programming\Projects\Code-Cluster\UserService\target\classes started by sudar in D:\Programming\Java_Programming\Projects\Code-Cluster)
2025-09-03T00:28:09.559+05:30  INFO 22492 --- [User-Service] [main] c.C.UserService.UserServiceApplication   : No active profile set, falling back to 1 default profile: "default"
2025-09-03T00:28:10.515+05:30  INFO 22492 --- [User-Service] [main] .s.d.r.c.RepositoryConfigurationDelegate : Bootstrapping Spring Data JPA repositories in DEFAULT mode.
2025-09-03T00:28:10.588+05:30  INFO 22492 --- [User-Service] [main] .s.d.r.c.RepositoryConfigurationDelegate : Finished Spring Data repository scanning in 60 ms. Found 1 JPA repository interface.
2025-09-03T00:28:11.180+05:30  INFO 22492 --- [User-Service] [main] o.s.b.w.embedded.tomcat.TomcatWebServer  : Tomcat initialized with port 3000 (http)
2025-09-03T00:28:11.198+05:30  INFO 22492 --- [User-Service] [main] o.apache.catalina.core.StandardService   : Starting service [Tomcat]
2025-09-03T00:28:11.202+05:30  INFO 22492 --- [User-Service] [main] o.apache.catalina.core.StandardEngine    : Starting Servlet engine: [Apache Tomcat/10.1.44]
2025-09-03T00:28:11.262+05:30  INFO 22492 --- [User-Service] [main] o.a.c.c.C.[Tomcat].[localhost].[/]       : Initializing Spring embedded WebApplicationContext
2025-09-03T00:28:11.262+05:30  INFO 22492 --- [User-Service] [main] w.s.c.ServletWebServerApplicationContext : Root WebApplicationContext: initialization completed in 1630 ms
2025-09-03T00:28:11.398+05:30  INFO 22492 --- [User-Service] [main] com.zaxxer.hikari.HikariDataSource       : HikariPool-1 - Starting...
2025-09-03T00:28:11.856+05:30  INFO 22492 --- [User-Service] [main] com.zaxxer.hikari.pool.HikariPool        : HikariPool-1 - Added connection com.mysql.cj.jdbc.ConnectionImpl@30c19bff
2025-09-03T00:28:11.859+05:30  INFO 22492 --- [User-Service] [main] com.zaxxer.hikari.HikariDataSource       : HikariPool-1 - Start completed.
2025-09-03T00:28:12.055+05:30  INFO 22492 --- [User-Service] [main] o.hibernate.jpa.internal.util.LogHelper  : HHH000204: Processing PersistenceUnitInfo [name: default]
2025-09-03T00:28:12.137+05:30  INFO 22492 --- [User-Service] [main] org.hibernate.Version                    : HHH000412: Hibernate ORM core version 6.6.26.Final
2025-09-03T00:28:12.190+05:30  INFO 22492 --- [User-Service] [main] o.h.c.internal.RegionFactoryInitiator    : HHH000026: Second-level cache disabled
2025-09-03T00:28:12.606+05:30  INFO 22492 --- [User-Service] [main] o.s.o.j.p.SpringPersistenceUnitInfo      : No LoadTimeWeaver setup: ignoring JPA class transformer
2025-09-03T00:28:12.756+05:30  INFO 22492 --- [User-Service] [main] org.hibernate.orm.connections.pooling    : HHH10001005: Database info:
	Database JDBC URL [Connecting through datasource 'HikariDataSource (HikariPool-1)']
	Database driver: undefined/unknown
	Database version: 8.0.36
	Autocommit mode: undefined/unknown
	Isolation level: undefined/unknown
	Minimum pool size: undefined/unknown
	Maximum pool size: undefined/unknown
2025-09-03T00:28:13.556+05:30  INFO 22492 --- [User-Service] [main] o.h.e.t.j.p.i.JtaPlatformInitiator       : HHH000489: No JTA platform available (set 'hibernate.transaction.jta.platform' to enable JTA platform integration)
2025-09-03T00:28:13.619+05:30  INFO 22492 --- [User-Service] [main] j.LocalContainerEntityManagerFactoryBean : Initialized JPA EntityManagerFactory for persistence unit 'default'
2025-09-03T00:28:14.026+05:30  WARN 22492 --- [User-Service] [main] JpaBaseConfiguration$JpaWebConfiguration : spring.jpa.open-in-view is enabled by default. Therefore, database queries may be performed during view rendering. Explicitly configure spring.jpa.open-in-view to disable this warning
2025-09-03T00:28:14.078+05:30  INFO 22492 --- [User-Service] [main] o.s.v.b.OptionalValidatorFactoryBean     : Failed to set up a Bean Validation provider: jakarta.validation.NoProviderFoundException: Unable to create a Configuration, because no Jakarta Bean Validation provider could be found. Add a provider like Hibernate Validator (RI) to your classpath.
2025-09-03T00:28:14.490+05:30  INFO 22492 --- [User-Service] [main] o.s.b.w.embedded.tomcat.TomcatWebServer  : Tomcat started on port 3000 (http) with context path '/'
2025-09-03T00:28:14.499+05:30  INFO 22492 --- [User-Service] [main] c.C.UserService.UserServiceApplication   : Started UserServiceApplication in 5.71 seconds (process running for 6.413)
2025-09-03T00:28:18.740+05:30  INFO 22492 --- [User-Service] [http-nio-3000-exec-1] o.a.c.c.C.[Tomcat].[localhost].[/]       : Initializing Spring DispatcherServlet 'dispatcherServlet'
2025-09-03T00:28:18.743+05:30  INFO 22492 --- [User-Service] [http-nio-3000-exec-1] o.s.web.servlet.DispatcherServlet        : Initializing Servlet 'dispatcherServlet'
2025-09-03T00:28:18.745+05:30  INFO 22492 --- [User-Service] [http-nio-3000-exec-1] o.s.web.servlet.DispatcherServlet        : Completed initialization in 2 ms
2025-09-03T00:36:59.368+05:30  INFO 22492 --- [User-Service] [SpringApplicationShutdownHook] o.s.b.w.e.tomcat.GracefulShutdown        : Commencing graceful shutdown. Waiting for active requests to complete
2025-09-03T00:36:59.368+05:30  INFO 22492 --- [User-Service] [tomcat-shutdown] o.s.b.w.e.tomcat.GracefulShutdown        : Graceful shutdown complete
2025-09-03T00:36:59.385+05:30  INFO 22492 --- [User-Service] [SpringApplicationShutdownHook] j.LocalContainerEntityManagerFactoryBean : Closing JPA EntityManagerFactory for persistence unit 'default'
2025-09-03T00:36:59.385+05:30  INFO 22492 --- [User-Service] [SpringApplicationShutdownHook] com.zaxxer.hikari.HikariDataSource       : HikariPool-1 - Shutdown initiated...
2025-09-03T00:36:59.398+05:30  INFO 22492 --- [User-Service] [SpringApplicationShutdownHook] com.zaxxer.hikari.HikariDataSource       : HikariPool-1 - Shutdown completed.
2025-09-03T00:37:03.017+05:30  INFO 6440 --- [User-Service] [main] c.C.UserService.UserServiceApplication   : Starting UserServiceApplication using Java 21.0.7 with PID 6440 (D:\Programming\Java_Programming\Projects\Code-Cluster\UserService\target\classes started by sudar in D:\Programming\Java_Programming\Projects\Code-Cluster)
2025-09-03T00:37:03.019+05:30  INFO 6440 --- [User-Service] [main] c.C.UserService.UserServiceApplication   : No active profile set, falling back to 1 default profile: "default"
2025-09-03T00:37:03.835+05:30  INFO 6440 --- [User-Service] [main] .s.d.r.c.RepositoryConfigurationDelegate : Bootstrapping Spring Data JPA repositories in DEFAULT mode.
2025-09-03T00:37:03.910+05:30  INFO 6440 --- [User-Service] [main] .s.d.r.c.RepositoryConfigurationDelegate : Finished Spring Data repository scanning in 63 ms. Found 1 JPA repository interface.
2025-09-03T00:37:04.461+05:30  INFO 6440 --- [User-Service] [main] o.s.b.w.embedded.tomcat.TomcatWebServer  : Tomcat initialized with port 3000 (http)
2025-09-03T00:37:04.480+05:30  INFO 6440 --- [User-Service] [main] o.apache.catalina.core.StandardService   : Starting service [Tomcat]
2025-09-03T00:37:04.483+05:30  INFO 6440 --- [User-Service] [main] o.apache.catalina.core.StandardEngine    : Starting Servlet engine: [Apache Tomcat/10.1.44]
2025-09-03T00:37:04.542+05:30  INFO 6440 --- [User-Service] [main] o.a.c.c.C.[Tomcat].[localhost].[/]       : Initializing Spring embedded WebApplicationContext
2025-09-03T00:37:04.542+05:30  INFO 6440 --- [User-Service] [main] w.s.c.ServletWebServerApplicationContext : Root WebApplicationContext: initialization completed in 1449 ms
2025-09-03T00:37:04.668+05:30  INFO 6440 --- [User-Service] [main] com.zaxxer.hikari.HikariDataSource       : HikariPool-1 - Starting...
2025-09-03T00:37:05.116+05:30  INFO 6440 --- [User-Service] [main] com.zaxxer.hikari.pool.HikariPool        : HikariPool-1 - Added connection com.mysql.cj.jdbc.ConnectionImpl@aa61e4e
2025-09-03T00:37:05.118+05:30  INFO 6440 --- [User-Service] [main] com.zaxxer.hikari.HikariDataSource       : HikariPool-1 - Start completed.
2025-09-03T00:37:05.257+05:30  INFO 6440 --- [User-Service] [main] o.hibernate.jpa.internal.util.LogHelper  : HHH000204: Processing PersistenceUnitInfo [name: default]
2025-09-03T00:37:05.329+05:30  INFO 6440 --- [User-Service] [main] org.hibernate.Version                    : HHH000412: Hibernate ORM core version 6.6.26.Final
2025-09-03T00:37:05.375+05:30  INFO 6440 --- [User-Service] [main] o.h.c.internal.RegionFactoryInitiator    : HHH000026: Second-level cache disabled
2025-09-03T00:37:05.759+05:30  INFO 6440 --- [User-Service] [main] o.s.o.j.p.SpringPersistenceUnitInfo      : No LoadTimeWeaver setup: ignoring JPA class transformer
2025-09-03T00:37:05.884+05:30  INFO 6440 --- [User-Service] [main] org.hibernate.orm.connections.pooling    : HHH10001005: Database info:
	Database JDBC URL [Connecting through datasource 'HikariDataSource (HikariPool-1)']
	Database driver: undefined/unknown
	Database version: 8.0.36
	Autocommit mode: undefined/unknown
	Isolation level: undefined/unknown
	Minimum pool size: undefined/unknown
	Maximum pool size: undefined/unknown
2025-09-03T00:37:06.659+05:30  INFO 6440 --- [User-Service] [main] o.h.e.t.j.p.i.JtaPlatformInitiator       : HHH000489: No JTA platform available (set 'hibernate.transaction.jta.platform' to enable JTA platform integration)
2025-09-03T00:37:06.719+05:30  INFO 6440 --- [User-Service] [main] j.LocalContainerEntityManagerFactoryBean : Initialized JPA EntityManagerFactory for persistence unit 'default'
2025-09-03T00:37:07.145+05:30  WARN 6440 --- [User-Service] [main] JpaBaseConfiguration$JpaWebConfiguration : spring.jpa.open-in-view is enabled by default. Therefore, database queries may be performed during view rendering. Explicitly configure spring.jpa.open-in-view to disable this warning
2025-09-03T00:37:07.197+05:30  INFO 6440 --- [User-Service] [main] o.s.v.b.OptionalValidatorFactoryBean     : Failed to set up a Bean Validation provider: jakarta.validation.NoProviderFoundException: Unable to create a Configuration, because no Jakarta Bean Validation provider could be found. Add a provider like Hibernate Validator (RI) to your classpath.
2025-09-03T00:37:07.586+05:30  INFO 6440 --- [User-Service] [main] o.s.b.w.embedded.tomcat.TomcatWebServer  : Tomcat started on port 3000 (http) with context path '/'
2025-09-03T00:37:07.593+05:30  INFO 6440 --- [User-Service] [main] c.C.UserService.UserServiceApplication   : Started UserServiceApplication in 5.351 seconds (process running for 5.857)
2025-09-03T00:37:09.838+05:30  INFO 6440 --- [User-Service] [http-nio-3000-exec-1] o.a.c.c.C.[Tomcat].[localhost].[/]       : Initializing Spring DispatcherServlet 'dispatcherServlet'
2025-09-03T00:37:09.838+05:30  INFO 6440 --- [User-Service] [http-nio-3000-exec-1] o.s.web.servlet.DispatcherServlet        : Initializing Servlet 'dispatcherServlet'
2025-09-03T00:37:09.838+05:30  INFO 6440 --- [User-Service] [http-nio-3000-exec-1] o.s.web.servlet.DispatcherServlet        : Completed initialization in 0 ms
2025-09-03T00:38:56.845+05:30  INFO 6440 --- [User-Service] [SpringApplicationShutdownHook] o.s.b.w.e.tomcat.GracefulShutdown        : Commencing graceful shutdown. Waiting for active requests to complete
2025-09-03T00:38:56.857+05:30  INFO 6440 --- [User-Service] [tomcat-shutdown] o.s.b.w.e.tomcat.GracefulShutdown        : Graceful shutdown complete
2025-09-03T00:38:56.859+05:30  INFO 6440 --- [User-Service] [SpringApplicationShutdownHook] j.LocalContainerEntityManagerFactoryBean : Closing JPA EntityManagerFactory for persistence unit 'default'
2025-09-03T00:38:56.859+05:30  INFO 6440 --- [User-Service] [SpringApplicationShutdownHook] com.zaxxer.hikari.HikariDataSource       : HikariPool-1 - Shutdown initiated...
2025-09-03T00:38:56.868+05:30  INFO 6440 --- [User-Service] [SpringApplicationShutdownHook] com.zaxxer.hikari.HikariDataSource       : HikariPool-1 - Shutdown completed.
2025-09-03T00:39:00.290+05:30  INFO 16352 --- [User-Service] [main] c.C.UserService.UserServiceApplication   : Starting UserServiceApplication using Java 21.0.7 with PID 16352 (D:\Programming\Java_Programming\Projects\Code-Cluster\UserService\target\classes started by sudar in D:\Programming\Java_Programming\Projects\Code-Cluster)
2025-09-03T00:39:00.294+05:30  INFO 16352 --- [User-Service] [main] c.C.UserService.UserServiceApplication   : No active profile set, falling back to 1 default profile: "default"
2025-09-03T00:39:01.158+05:30  INFO 16352 --- [User-Service] [main] .s.d.r.c.RepositoryConfigurationDelegate : Bootstrapping Spring Data JPA repositories in DEFAULT mode.
2025-09-03T00:39:01.239+05:30  INFO 16352 --- [User-Service] [main] .s.d.r.c.RepositoryConfigurationDelegate : Finished Spring Data repository scanning in 69 ms. Found 1 JPA repository interface.
2025-09-03T00:39:01.821+05:30  INFO 16352 --- [User-Service] [main] o.s.b.w.embedded.tomcat.TomcatWebServer  : Tomcat initialized with port 3000 (http)
2025-09-03T00:39:01.837+05:30  INFO 16352 --- [User-Service] [main] o.apache.catalina.core.StandardService   : Starting service [Tomcat]
2025-09-03T00:39:01.837+05:30  INFO 16352 --- [User-Service] [main] o.apache.catalina.core.StandardEngine    : Starting Servlet engine: [Apache Tomcat/10.1.44]
2025-09-03T00:39:01.901+05:30  INFO 16352 --- [User-Service] [main] o.a.c.c.C.[Tomcat].[localhost].[/]       : Initializing Spring embedded WebApplicationContext
2025-09-03T00:39:01.902+05:30  INFO 16352 --- [User-Service] [main] w.s.c.ServletWebServerApplicationContext : Root WebApplicationContext: initialization completed in 1544 ms
2025-09-03T00:39:02.043+05:30  INFO 16352 --- [User-Service] [main] com.zaxxer.hikari.HikariDataSource       : HikariPool-1 - Starting...
2025-09-03T00:39:02.550+05:30  INFO 16352 --- [User-Service] [main] com.zaxxer.hikari.pool.HikariPool        : HikariPool-1 - Added connection com.mysql.cj.jdbc.ConnectionImpl@aa61e4e
2025-09-03T00:39:02.550+05:30  INFO 16352 --- [User-Service] [main] com.zaxxer.hikari.HikariDataSource       : HikariPool-1 - Start completed.
2025-09-03T00:39:02.680+05:30  INFO 16352 --- [User-Service] [main] o.hibernate.jpa.internal.util.LogHelper  : HHH000204: Processing PersistenceUnitInfo [name: default]
2025-09-03T00:39:02.754+05:30  INFO 16352 --- [User-Service] [main] org.hibernate.Version                    : HHH000412: Hibernate ORM core version 6.6.26.Final
2025-09-03T00:39:02.811+05:30  INFO 16352 --- [User-Service] [main] o.h.c.internal.RegionFactoryInitiator    : HHH000026: Second-level cache disabled
2025-09-03T00:39:03.249+05:30  INFO 16352 --- [User-Service] [main] o.s.o.j.p.SpringPersistenceUnitInfo      : No LoadTimeWeaver setup: ignoring JPA class transformer
2025-09-03T00:39:03.405+05:30  INFO 16352 --- [User-Service] [main] org.hibernate.orm.connections.pooling    : HHH10001005: Database info:
	Database JDBC URL [Connecting through datasource 'HikariDataSource (HikariPool-1)']
	Database driver: undefined/unknown
	Database version: 8.0.36
	Autocommit mode: undefined/unknown
	Isolation level: undefined/unknown
	Minimum pool size: undefined/unknown
	Maximum pool size: undefined/unknown
2025-09-03T00:39:04.186+05:30  INFO 16352 --- [User-Service] [main] o.h.e.t.j.p.i.JtaPlatformInitiator       : HHH000489: No JTA platform available (set 'hibernate.transaction.jta.platform' to enable JTA platform integration)
2025-09-03T00:39:04.240+05:30  INFO 16352 --- [User-Service] [main] j.LocalContainerEntityManagerFactoryBean : Initialized JPA EntityManagerFactory for persistence unit 'default'
2025-09-03T00:39:04.674+05:30  WARN 16352 --- [User-Service] [main] JpaBaseConfiguration$JpaWebConfiguration : spring.jpa.open-in-view is enabled by default. Therefore, database queries may be performed during view rendering. Explicitly configure spring.jpa.open-in-view to disable this warning
2025-09-03T00:39:04.735+05:30  INFO 16352 --- [User-Service] [main] o.s.v.b.OptionalValidatorFactoryBean     : Failed to set up a Bean Validation provider: jakarta.validation.NoProviderFoundException: Unable to create a Configuration, because no Jakarta Bean Validation provider could be found. Add a provider like Hibernate Validator (RI) to your classpath.
2025-09-03T00:39:05.195+05:30  INFO 16352 --- [User-Service] [main] o.s.b.w.embedded.tomcat.TomcatWebServer  : Tomcat started on port 3000 (http) with context path '/'
2025-09-03T00:39:05.209+05:30  INFO 16352 --- [User-Service] [main] c.C.UserService.UserServiceApplication   : Started UserServiceApplication in 5.558 seconds (process running for 6.08)
2025-09-03T00:39:19.564+05:30  INFO 16352 --- [User-Service] [http-nio-3000-exec-1] o.a.c.c.C.[Tomcat].[localhost].[/]       : Initializing Spring DispatcherServlet 'dispatcherServlet'
2025-09-03T00:39:19.570+05:30  INFO 16352 --- [User-Service] [http-nio-3000-exec-1] o.s.web.servlet.DispatcherServlet        : Initializing Servlet 'dispatcherServlet'
2025-09-03T00:39:19.570+05:30  INFO 16352 --- [User-Service] [http-nio-3000-exec-1] o.s.web.servlet.DispatcherServlet        : Completed initialization in 0 ms
2025-09-03T00:39:34.506+05:30  INFO 16352 --- [User-Service] [SpringApplicationShutdownHook] o.s.b.w.e.tomcat.GracefulShutdown        : Commencing graceful shutdown. Waiting for active requests to complete
2025-09-03T00:39:34.516+05:30  INFO 16352 --- [User-Service] [tomcat-shutdown] o.s.b.w.e.tomcat.GracefulShutdown        : Graceful shutdown complete
2025-09-03T00:39:34.520+05:30  INFO 16352 --- [User-Service] [SpringApplicationShutdownHook] j.LocalContainerEntityManagerFactoryBean : Closing JPA EntityManagerFactory for persistence unit 'default'
2025-09-03T00:39:34.522+05:30  INFO 16352 --- [User-Service] [SpringApplicationShutdownHook] com.zaxxer.hikari.HikariDataSource       : HikariPool-1 - Shutdown initiated...
2025-09-03T00:39:34.529+05:30  INFO 16352 --- [User-Service] [SpringApplicationShutdownHook] com.zaxxer.hikari.HikariDataSource       : HikariPool-1 - Shutdown completed.
2025-09-03T00:39:37.826+05:30  INFO 11336 --- [User-Service] [main] c.C.UserService.UserServiceApplication   : Starting UserServiceApplication using Java 21.0.7 with PID 11336 (D:\Programming\Java_Programming\Projects\Code-Cluster\UserService\target\classes started by sudar in D:\Programming\Java_Programming\Projects\Code-Cluster)
2025-09-03T00:39:37.828+05:30  INFO 11336 --- [User-Service] [main] c.C.UserService.UserServiceApplication   : No active profile set, falling back to 1 default profile: "default"
2025-09-03T00:39:38.943+05:30  INFO 11336 --- [User-Service] [main] .s.d.r.c.RepositoryConfigurationDelegate : Bootstrapping Spring Data JPA repositories in DEFAULT mode.
2025-09-03T00:39:39.024+05:30  INFO 11336 --- [User-Service] [main] .s.d.r.c.RepositoryConfigurationDelegate : Finished Spring Data repository scanning in 73 ms. Found 1 JPA repository interface.
2025-09-03T00:39:39.627+05:30  INFO 11336 --- [User-Service] [main] o.s.b.w.embedded.tomcat.TomcatWebServer  : Tomcat initialized with port 3000 (http)
2025-09-03T00:39:39.648+05:30  INFO 11336 --- [User-Service] [main] o.apache.catalina.core.StandardService   : Starting service [Tomcat]
2025-09-03T00:39:39.648+05:30  INFO 11336 --- [User-Service] [main] o.apache.catalina.core.StandardEngine    : Starting Servlet engine: [Apache Tomcat/10.1.44]
2025-09-03T00:39:39.715+05:30  INFO 11336 --- [User-Service] [main] o.a.c.c.C.[Tomcat].[localhost].[/]       : Initializing Spring embedded WebApplicationContext
2025-09-03T00:39:39.715+05:30  INFO 11336 --- [User-Service] [main] w.s.c.ServletWebServerApplicationContext : Root WebApplicationContext: initialization completed in 1822 ms
2025-09-03T00:39:39.851+05:30  INFO 11336 --- [User-Service] [main] com.zaxxer.hikari.HikariDataSource       : HikariPool-1 - Starting...
2025-09-03T00:39:40.323+05:30  INFO 11336 --- [User-Service] [main] com.zaxxer.hikari.pool.HikariPool        : HikariPool-1 - Added connection com.mysql.cj.jdbc.ConnectionImpl@5348d83c
2025-09-03T00:39:40.325+05:30  INFO 11336 --- [User-Service] [main] com.zaxxer.hikari.HikariDataSource       : HikariPool-1 - Start completed.
2025-09-03T00:39:40.452+05:30  INFO 11336 --- [User-Service] [main] o.hibernate.jpa.internal.util.LogHelper  : HHH000204: Processing PersistenceUnitInfo [name: default]
2025-09-03T00:39:40.534+05:30  INFO 11336 --- [User-Service] [main] org.hibernate.Version                    : HHH000412: Hibernate ORM core version 6.6.26.Final
2025-09-03T00:39:40.596+05:30  INFO 11336 --- [User-Service] [main] o.h.c.internal.RegionFactoryInitiator    : HHH000026: Second-level cache disabled
2025-09-03T00:39:41.029+05:30  INFO 11336 --- [User-Service] [main] o.s.o.j.p.SpringPersistenceUnitInfo      : No LoadTimeWeaver setup: ignoring JPA class transformer
2025-09-03T00:39:41.143+05:30  INFO 11336 --- [User-Service] [main] org.hibernate.orm.connections.pooling    : HHH10001005: Database info:
	Database JDBC URL [Connecting through datasource 'HikariDataSource (HikariPool-1)']
	Database driver: undefined/unknown
	Database version: 8.0.36
	Autocommit mode: undefined/unknown
	Isolation level: undefined/unknown
	Minimum pool size: undefined/unknown
	Maximum pool size: undefined/unknown
2025-09-03T00:39:41.902+05:30  INFO 11336 --- [User-Service] [main] o.h.e.t.j.p.i.JtaPlatformInitiator       : HHH000489: No JTA platform available (set 'hibernate.transaction.jta.platform' to enable JTA platform integration)
2025-09-03T00:39:41.957+05:30  INFO 11336 --- [User-Service] [main] j.LocalContainerEntityManagerFactoryBean : Initialized JPA EntityManagerFactory for persistence unit 'default'
2025-09-03T00:39:42.378+05:30  WARN 11336 --- [User-Service] [main] JpaBaseConfiguration$JpaWebConfiguration : spring.jpa.open-in-view is enabled by default. Therefore, database queries may be performed during view rendering. Explicitly configure spring.jpa.open-in-view to disable this warning
2025-09-03T00:39:42.432+05:30  INFO 11336 --- [User-Service] [main] o.s.v.b.OptionalValidatorFactoryBean     : Failed to set up a Bean Validation provider: jakarta.validation.NoProviderFoundException: Unable to create a Configuration, because no Jakarta Bean Validation provider could be found. Add a provider like Hibernate Validator (RI) to your classpath.
2025-09-03T00:39:42.822+05:30  INFO 11336 --- [User-Service] [main] o.s.b.w.embedded.tomcat.TomcatWebServer  : Tomcat started on port 3000 (http) with context path '/'
2025-09-03T00:39:42.832+05:30  INFO 11336 --- [User-Service] [main] c.C.UserService.UserServiceApplication   : Started UserServiceApplication in 5.674 seconds (process running for 6.167)
2025-09-03T00:40:00.635+05:30  INFO 11336 --- [User-Service] [http-nio-3000-exec-2] o.a.c.c.C.[Tomcat].[localhost].[/]       : Initializing Spring DispatcherServlet 'dispatcherServlet'
2025-09-03T00:40:00.635+05:30  INFO 11336 --- [User-Service] [http-nio-3000-exec-2] o.s.web.servlet.DispatcherServlet        : Initializing Servlet 'dispatcherServlet'
2025-09-03T00:40:00.635+05:30  INFO 11336 --- [User-Service] [http-nio-3000-exec-2] o.s.web.servlet.DispatcherServlet        : Completed initialization in 0 ms
2025-09-03T00:44:47.900+05:30  INFO 11336 --- [User-Service] [SpringApplicationShutdownHook] o.s.b.w.e.tomcat.GracefulShutdown        : Commencing graceful shutdown. Waiting for active requests to complete
2025-09-03T00:44:47.922+05:30  INFO 11336 --- [User-Service] [tomcat-shutdown] o.s.b.w.e.tomcat.GracefulShutdown        : Graceful shutdown complete
2025-09-03T00:44:47.933+05:30  INFO 11336 --- [User-Service] [SpringApplicationShutdownHook] j.LocalContainerEntityManagerFactoryBean : Closing JPA EntityManagerFactory for persistence unit 'default'
2025-09-03T00:44:47.944+05:30  INFO 11336 --- [User-Service] [SpringApplicationShutdownHook] com.zaxxer.hikari.HikariDataSource       : HikariPool-1 - Shutdown initiated...
2025-09-03T00:44:47.969+05:30  INFO 11336 --- [User-Service] [SpringApplicationShutdownHook] com.zaxxer.hikari.HikariDataSource       : HikariPool-1 - Shutdown completed.
2025-09-03T00:44:53.708+05:30  INFO 19364 --- [User-Service] [main] c.C.UserService.UserServiceApplication   : Starting UserServiceApplication using Java 21.0.7 with PID 19364 (D:\Programming\Java_Programming\Projects\Code-Cluster\UserService\target\classes started by sudar in D:\Programming\Java_Programming\Projects\Code-Cluster)
2025-09-03T00:44:53.711+05:30  INFO 19364 --- [User-Service] [main] c.C.UserService.UserServiceApplication   : No active profile set, falling back to 1 default profile: "default"
2025-09-03T00:44:54.698+05:30  INFO 19364 --- [User-Service] [main] .s.d.r.c.RepositoryConfigurationDelegate : Bootstrapping Spring Data JPA repositories in DEFAULT mode.
2025-09-03T00:44:54.770+05:30  INFO 19364 --- [User-Service] [main] .s.d.r.c.RepositoryConfigurationDelegate : Finished Spring Data repository scanning in 60 ms. Found 1 JPA repository interface.
2025-09-03T00:44:55.428+05:30  INFO 19364 --- [User-Service] [main] o.s.b.w.embedded.tomcat.TomcatWebServer  : Tomcat initialized with port 3000 (http)
2025-09-03T00:44:55.447+05:30  INFO 19364 --- [User-Service] [main] o.apache.catalina.core.StandardService   : Starting service [Tomcat]
2025-09-03T00:44:55.447+05:30  INFO 19364 --- [User-Service] [main] o.apache.catalina.core.StandardEngine    : Starting Servlet engine: [Apache Tomcat/10.1.44]
2025-09-03T00:44:55.527+05:30  INFO 19364 --- [User-Service] [main] o.a.c.c.C.[Tomcat].[localhost].[/]       : Initializing Spring embedded WebApplicationContext
2025-09-03T00:44:55.528+05:30  INFO 19364 --- [User-Service] [main] w.s.c.ServletWebServerApplicationContext : Root WebApplicationContext: initialization completed in 1753 ms
2025-09-03T00:44:55.662+05:30  INFO 19364 --- [User-Service] [main] com.zaxxer.hikari.HikariDataSource       : HikariPool-1 - Starting...
2025-09-03T00:44:56.173+05:30  INFO 19364 --- [User-Service] [main] com.zaxxer.hikari.pool.HikariPool        : HikariPool-1 - Added connection com.mysql.cj.jdbc.ConnectionImpl@48581a3b
2025-09-03T00:44:56.176+05:30  INFO 19364 --- [User-Service] [main] com.zaxxer.hikari.HikariDataSource       : HikariPool-1 - Start completed.
2025-09-03T00:44:56.348+05:30  INFO 19364 --- [User-Service] [main] o.hibernate.jpa.internal.util.LogHelper  : HHH000204: Processing PersistenceUnitInfo [name: default]
2025-09-03T00:44:56.448+05:30  INFO 19364 --- [User-Service] [main] org.hibernate.Version                    : HHH000412: Hibernate ORM core version 6.6.26.Final
2025-09-03T00:44:56.501+05:30  INFO 19364 --- [User-Service] [main] o.h.c.internal.RegionFactoryInitiator    : HHH000026: Second-level cache disabled
2025-09-03T00:44:56.947+05:30  INFO 19364 --- [User-Service] [main] o.s.o.j.p.SpringPersistenceUnitInfo      : No LoadTimeWeaver setup: ignoring JPA class transformer
2025-09-03T00:44:57.075+05:30  INFO 19364 --- [User-Service] [main] org.hibernate.orm.connections.pooling    : HHH10001005: Database info:
	Database JDBC URL [Connecting through datasource 'HikariDataSource (HikariPool-1)']
	Database driver: undefined/unknown
	Database version: 8.0.36
	Autocommit mode: undefined/unknown
	Isolation level: undefined/unknown
	Minimum pool size: undefined/unknown
	Maximum pool size: undefined/unknown
2025-09-03T00:44:57.973+05:30  INFO 19364 --- [User-Service] [main] o.h.e.t.j.p.i.JtaPlatformInitiator       : HHH000489: No JTA platform available (set 'hibernate.transaction.jta.platform' to enable JTA platform integration)
2025-09-03T00:44:58.033+05:30  INFO 19364 --- [User-Service] [main] j.LocalContainerEntityManagerFactoryBean : Initialized JPA EntityManagerFactory for persistence unit 'default'
2025-09-03T00:44:58.386+05:30  WARN 19364 --- [User-Service] [main] JpaBaseConfiguration$JpaWebConfiguration : spring.jpa.open-in-view is enabled by default. Therefore, database queries may be performed during view rendering. Explicitly configure spring.jpa.open-in-view to disable this warning
2025-09-03T00:44:58.784+05:30  INFO 19364 --- [User-Service] [main] o.s.b.w.embedded.tomcat.TomcatWebServer  : Tomcat started on port 3000 (http) with context path '/'
2025-09-03T00:44:58.793+05:30  INFO 19364 --- [User-Service] [main] c.C.UserService.UserServiceApplication   : Started UserServiceApplication in 5.81 seconds (process running for 6.414)
2025-09-03T00:45:06.791+05:30  INFO 19364 --- [User-Service] [http-nio-3000-exec-1] o.a.c.c.C.[Tomcat].[localhost].[/]       : Initializing Spring DispatcherServlet 'dispatcherServlet'
2025-09-03T00:45:06.792+05:30  INFO 19364 --- [User-Service] [http-nio-3000-exec-1] o.s.web.servlet.DispatcherServlet        : Initializing Servlet 'dispatcherServlet'
2025-09-03T00:45:06.793+05:30  INFO 19364 --- [User-Service] [http-nio-3000-exec-1] o.s.web.servlet.DispatcherServlet        : Completed initialization in 1 ms
2025-09-03T00:47:21.842+05:30  INFO 19364 --- [User-Service] [SpringApplicationShutdownHook] o.s.b.w.e.tomcat.GracefulShutdown        : Commencing graceful shutdown. Waiting for active requests to complete
2025-09-03T00:47:21.853+05:30  INFO 19364 --- [User-Service] [tomcat-shutdown] o.s.b.w.e.tomcat.GracefulShutdown        : Graceful shutdown complete
2025-09-03T00:47:21.857+05:30  INFO 19364 --- [User-Service] [SpringApplicationShutdownHook] j.LocalContainerEntityManagerFactoryBean : Closing JPA EntityManagerFactory for persistence unit 'default'
2025-09-03T00:47:21.860+05:30  INFO 19364 --- [User-Service] [SpringApplicationShutdownHook] com.zaxxer.hikari.HikariDataSource       : HikariPool-1 - Shutdown initiated...
2025-09-03T00:47:21.869+05:30  INFO 19364 --- [User-Service] [SpringApplicationShutdownHook] com.zaxxer.hikari.HikariDataSource       : HikariPool-1 - Shutdown completed.
2025-09-03T00:47:25.390+05:30  INFO 17116 --- [User-Service] [main] c.C.UserService.UserServiceApplication   : Starting UserServiceApplication using Java 21.0.7 with PID 17116 (D:\Programming\Java_Programming\Projects\Code-Cluster\UserService\target\classes started by sudar in D:\Programming\Java_Programming\Projects\Code-Cluster)
2025-09-03T00:47:25.393+05:30  INFO 17116 --- [User-Service] [main] c.C.UserService.UserServiceApplication   : No active profile set, falling back to 1 default profile: "default"
2025-09-03T00:47:26.440+05:30  INFO 17116 --- [User-Service] [main] .s.d.r.c.RepositoryConfigurationDelegate : Bootstrapping Spring Data JPA repositories in DEFAULT mode.
2025-09-03T00:47:26.522+05:30  INFO 17116 --- [User-Service] [main] .s.d.r.c.RepositoryConfigurationDelegate : Finished Spring Data repository scanning in 68 ms. Found 1 JPA repository interface.
2025-09-03T00:47:27.115+05:30  INFO 17116 --- [User-Service] [main] o.s.b.w.embedded.tomcat.TomcatWebServer  : Tomcat initialized with port 3000 (http)
2025-09-03T00:47:27.130+05:30  INFO 17116 --- [User-Service] [main] o.apache.catalina.core.StandardService   : Starting service [Tomcat]
2025-09-03T00:47:27.132+05:30  INFO 17116 --- [User-Service] [main] o.apache.catalina.core.StandardEngine    : Starting Servlet engine: [Apache Tomcat/10.1.44]
2025-09-03T00:47:27.197+05:30  INFO 17116 --- [User-Service] [main] o.a.c.c.C.[Tomcat].[localhost].[/]       : Initializing Spring embedded WebApplicationContext
2025-09-03T00:47:27.197+05:30  INFO 17116 --- [User-Service] [main] w.s.c.ServletWebServerApplicationContext : Root WebApplicationContext: initialization completed in 1740 ms
2025-09-03T00:47:27.338+05:30  INFO 17116 --- [User-Service] [main] com.zaxxer.hikari.HikariDataSource       : HikariPool-1 - Starting...
2025-09-03T00:47:27.803+05:30  INFO 17116 --- [User-Service] [main] com.zaxxer.hikari.pool.HikariPool        : HikariPool-1 - Added connection com.mysql.cj.jdbc.ConnectionImpl@54af3cb9
2025-09-03T00:47:27.806+05:30  INFO 17116 --- [User-Service] [main] com.zaxxer.hikari.HikariDataSource       : HikariPool-1 - Start completed.
2025-09-03T00:47:27.931+05:30  INFO 17116 --- [User-Service] [main] o.hibernate.jpa.internal.util.LogHelper  : HHH000204: Processing PersistenceUnitInfo [name: default]
2025-09-03T00:47:28.038+05:30  INFO 17116 --- [User-Service] [main] org.hibernate.Version                    : HHH000412: Hibernate ORM core version 6.6.26.Final
2025-09-03T00:47:28.100+05:30  INFO 17116 --- [User-Service] [main] o.h.c.internal.RegionFactoryInitiator    : HHH000026: Second-level cache disabled
2025-09-03T00:47:28.526+05:30  INFO 17116 --- [User-Service] [main] o.s.o.j.p.SpringPersistenceUnitInfo      : No LoadTimeWeaver setup: ignoring JPA class transformer
2025-09-03T00:47:28.645+05:30  INFO 17116 --- [User-Service] [main] org.hibernate.orm.connections.pooling    : HHH10001005: Database info:
	Database JDBC URL [Connecting through datasource 'HikariDataSource (HikariPool-1)']
	Database driver: undefined/unknown
	Database version: 8.0.36
	Autocommit mode: undefined/unknown
	Isolation level: undefined/unknown
	Minimum pool size: undefined/unknown
	Maximum pool size: undefined/unknown
2025-09-03T00:47:29.499+05:30  INFO 17116 --- [User-Service] [main] o.h.e.t.j.p.i.JtaPlatformInitiator       : HHH000489: No JTA platform available (set 'hibernate.transaction.jta.platform' to enable JTA platform integration)
2025-09-03T00:47:29.559+05:30  INFO 17116 --- [User-Service] [main] j.LocalContainerEntityManagerFactoryBean : Initialized JPA EntityManagerFactory for persistence unit 'default'
2025-09-03T00:47:29.964+05:30  WARN 17116 --- [User-Service] [main] JpaBaseConfiguration$JpaWebConfiguration : spring.jpa.open-in-view is enabled by default. Therefore, database queries may be performed during view rendering. Explicitly configure spring.jpa.open-in-view to disable this warning
2025-09-03T00:47:30.454+05:30  INFO 17116 --- [User-Service] [main] o.s.b.w.embedded.tomcat.TomcatWebServer  : Tomcat started on port 3000 (http) with context path '/'
2025-09-03T00:47:30.464+05:30  INFO 17116 --- [User-Service] [main] c.C.UserService.UserServiceApplication   : Started UserServiceApplication in 5.695 seconds (process running for 6.25)
2025-09-03T00:47:38.387+05:30  INFO 17116 --- [User-Service] [http-nio-3000-exec-1] o.a.c.c.C.[Tomcat].[localhost].[/]       : Initializing Spring DispatcherServlet 'dispatcherServlet'
2025-09-03T00:47:38.387+05:30  INFO 17116 --- [User-Service] [http-nio-3000-exec-1] o.s.web.servlet.DispatcherServlet        : Initializing Servlet 'dispatcherServlet'
2025-09-03T00:47:38.387+05:30  INFO 17116 --- [User-Service] [http-nio-3000-exec-1] o.s.web.servlet.DispatcherServlet        : Completed initialization in 0 ms
2025-09-03T00:51:44.507+05:30  INFO 17116 --- [User-Service] [SpringApplicationShutdownHook] o.s.b.w.e.tomcat.GracefulShutdown        : Commencing graceful shutdown. Waiting for active requests to complete
2025-09-03T00:51:44.518+05:30  INFO 17116 --- [User-Service] [tomcat-shutdown] o.s.b.w.e.tomcat.GracefulShutdown        : Graceful shutdown complete
2025-09-03T00:51:44.522+05:30  INFO 17116 --- [User-Service] [SpringApplicationShutdownHook] j.LocalContainerEntityManagerFactoryBean : Closing JPA EntityManagerFactory for persistence unit 'default'
2025-09-03T00:51:44.525+05:30  INFO 17116 --- [User-Service] [SpringApplicationShutdownHook] com.zaxxer.hikari.HikariDataSource       : HikariPool-1 - Shutdown initiated...
2025-09-03T00:51:44.535+05:30  INFO 17116 --- [User-Service] [SpringApplicationShutdownHook] com.zaxxer.hikari.HikariDataSource       : HikariPool-1 - Shutdown completed.
2025-09-03T00:51:48.394+05:30  INFO 3660 --- [User-Service] [main] c.C.UserService.UserServiceApplication   : Starting UserServiceApplication using Java 21.0.7 with PID 3660 (D:\Programming\Java_Programming\Projects\Code-Cluster\UserService\target\classes started by sudar in D:\Programming\Java_Programming\Projects\Code-Cluster)
2025-09-03T00:51:48.397+05:30  INFO 3660 --- [User-Service] [main] c.C.UserService.UserServiceApplication   : No active profile set, falling back to 1 default profile: "default"
2025-09-03T00:51:49.436+05:30  INFO 3660 --- [User-Service] [main] .s.d.r.c.RepositoryConfigurationDelegate : Bootstrapping Spring Data JPA repositories in DEFAULT mode.
2025-09-03T00:51:49.508+05:30  INFO 3660 --- [User-Service] [main] .s.d.r.c.RepositoryConfigurationDelegate : Finished Spring Data repository scanning in 62 ms. Found 1 JPA repository interface.
2025-09-03T00:51:50.099+05:30  INFO 3660 --- [User-Service] [main] o.s.b.w.embedded.tomcat.TomcatWebServer  : Tomcat initialized with port 3000 (http)
2025-09-03T00:51:50.116+05:30  INFO 3660 --- [User-Service] [main] o.apache.catalina.core.StandardService   : Starting service [Tomcat]
2025-09-03T00:51:50.117+05:30  INFO 3660 --- [User-Service] [main] o.apache.catalina.core.StandardEngine    : Starting Servlet engine: [Apache Tomcat/10.1.44]
2025-09-03T00:51:50.186+05:30  INFO 3660 --- [User-Service] [main] o.a.c.c.C.[Tomcat].[localhost].[/]       : Initializing Spring embedded WebApplicationContext
2025-09-03T00:51:50.187+05:30  INFO 3660 --- [User-Service] [main] w.s.c.ServletWebServerApplicationContext : Root WebApplicationContext: initialization completed in 1727 ms
2025-09-03T00:51:50.322+05:30  INFO 3660 --- [User-Service] [main] com.zaxxer.hikari.HikariDataSource       : HikariPool-1 - Starting...
2025-09-03T00:51:50.855+05:30  INFO 3660 --- [User-Service] [main] com.zaxxer.hikari.pool.HikariPool        : HikariPool-1 - Added connection com.mysql.cj.jdbc.ConnectionImpl@1cbc1dde
2025-09-03T00:51:50.857+05:30  INFO 3660 --- [User-Service] [main] com.zaxxer.hikari.HikariDataSource       : HikariPool-1 - Start completed.
2025-09-03T00:51:51.022+05:30  INFO 3660 --- [User-Service] [main] o.hibernate.jpa.internal.util.LogHelper  : HHH000204: Processing PersistenceUnitInfo [name: default]
2025-09-03T00:51:51.135+05:30  INFO 3660 --- [User-Service] [main] org.hibernate.Version                    : HHH000412: Hibernate ORM core version 6.6.26.Final
2025-09-03T00:51:51.196+05:30  INFO 3660 --- [User-Service] [main] o.h.c.internal.RegionFactoryInitiator    : HHH000026: Second-level cache disabled
2025-09-03T00:51:51.623+05:30  INFO 3660 --- [User-Service] [main] o.s.o.j.p.SpringPersistenceUnitInfo      : No LoadTimeWeaver setup: ignoring JPA class transformer
2025-09-03T00:51:51.760+05:30  INFO 3660 --- [User-Service] [main] org.hibernate.orm.connections.pooling    : HHH10001005: Database info:
	Database JDBC URL [Connecting through datasource 'HikariDataSource (HikariPool-1)']
	Database driver: undefined/unknown
	Database version: 8.0.36
	Autocommit mode: undefined/unknown
	Isolation level: undefined/unknown
	Minimum pool size: undefined/unknown
	Maximum pool size: undefined/unknown
2025-09-03T00:51:52.640+05:30  INFO 3660 --- [User-Service] [main] o.h.e.t.j.p.i.JtaPlatformInitiator       : HHH000489: No JTA platform available (set 'hibernate.transaction.jta.platform' to enable JTA platform integration)
2025-09-03T00:51:52.700+05:30  INFO 3660 --- [User-Service] [main] j.LocalContainerEntityManagerFactoryBean : Initialized JPA EntityManagerFactory for persistence unit 'default'
2025-09-03T00:51:53.239+05:30  WARN 3660 --- [User-Service] [main] JpaBaseConfiguration$JpaWebConfiguration : spring.jpa.open-in-view is enabled by default. Therefore, database queries may be performed during view rendering. Explicitly configure spring.jpa.open-in-view to disable this warning
2025-09-03T00:51:53.693+05:30  INFO 3660 --- [User-Service] [main] o.s.b.w.embedded.tomcat.TomcatWebServer  : Tomcat started on port 3000 (http) with context path '/'
2025-09-03T00:51:53.705+05:30  INFO 3660 --- [User-Service] [main] c.C.UserService.UserServiceApplication   : Started UserServiceApplication in 5.949 seconds (process running for 6.543)
2025-09-03T00:52:55.813+05:30  INFO 3660 --- [User-Service] [http-nio-3000-exec-1] o.a.c.c.C.[Tomcat].[localhost].[/]       : Initializing Spring DispatcherServlet 'dispatcherServlet'
2025-09-03T00:52:55.813+05:30  INFO 3660 --- [User-Service] [http-nio-3000-exec-1] o.s.web.servlet.DispatcherServlet        : Initializing Servlet 'dispatcherServlet'
2025-09-03T00:52:55.816+05:30  INFO 3660 --- [User-Service] [http-nio-3000-exec-1] o.s.web.servlet.DispatcherServlet        : Completed initialization in 3 ms
2025-09-03T01:28:30.023+05:30  INFO 3660 --- [User-Service] [SpringApplicationShutdownHook] o.s.b.w.e.tomcat.GracefulShutdown        : Commencing graceful shutdown. Waiting for active requests to complete
2025-09-03T01:28:30.064+05:30  INFO 3660 --- [User-Service] [tomcat-shutdown] o.s.b.w.e.tomcat.GracefulShutdown        : Graceful shutdown complete
2025-09-03T01:28:30.079+05:30  INFO 3660 --- [User-Service] [SpringApplicationShutdownHook] j.LocalContainerEntityManagerFactoryBean : Closing JPA EntityManagerFactory for persistence unit 'default'
2025-09-03T01:28:30.163+05:30  INFO 3660 --- [User-Service] [SpringApplicationShutdownHook] com.zaxxer.hikari.HikariDataSource       : HikariPool-1 - Shutdown initiated...
2025-09-03T01:28:30.173+05:30  INFO 3660 --- [User-Service] [SpringApplicationShutdownHook] com.zaxxer.hikari.HikariDataSource       : HikariPool-1 - Shutdown completed.
2025-09-03T03:38:47.699+05:30  INFO 23892 --- [User-Service] [main] c.C.UserService.UserServiceApplication   : Starting UserServiceApplication using Java 21.0.7 with PID 23892 (D:\Programming\Java_Programming\Projects\Code-Cluster\UserService\target\classes started by sudar in D:\Programming\Java_Programming\Projects\Code-Cluster)
2025-09-03T03:38:47.717+05:30  INFO 23892 --- [User-Service] [main] c.C.UserService.UserServiceApplication   : No active profile set, falling back to 1 default profile: "default"
2025-09-03T03:38:48.763+05:30  INFO 23892 --- [User-Service] [main] .s.d.r.c.RepositoryConfigurationDelegate : Bootstrapping Spring Data JPA repositories in DEFAULT mode.
2025-09-03T03:38:48.838+05:30  INFO 23892 --- [User-Service] [main] .s.d.r.c.RepositoryConfigurationDelegate : Finished Spring Data repository scanning in 60 ms. Found 1 JPA repository interface.
2025-09-03T03:38:49.527+05:30  INFO 23892 --- [User-Service] [main] o.s.b.w.embedded.tomcat.TomcatWebServer  : Tomcat initialized with port 3000 (http)
2025-09-03T03:38:49.555+05:30  INFO 23892 --- [User-Service] [main] o.apache.catalina.core.StandardService   : Starting service [Tomcat]
2025-09-03T03:38:49.555+05:30  INFO 23892 --- [User-Service] [main] o.apache.catalina.core.StandardEngine    : Starting Servlet engine: [Apache Tomcat/10.1.44]
2025-09-03T03:38:49.631+05:30  INFO 23892 --- [User-Service] [main] o.a.c.c.C.[Tomcat].[localhost].[/]       : Initializing Spring embedded WebApplicationContext
2025-09-03T03:38:49.631+05:30  INFO 23892 --- [User-Service] [main] w.s.c.ServletWebServerApplicationContext : Root WebApplicationContext: initialization completed in 1843 ms
2025-09-03T03:38:49.777+05:30  INFO 23892 --- [User-Service] [main] com.zaxxer.hikari.HikariDataSource       : HikariPool-1 - Starting...
2025-09-03T03:38:50.504+05:30  INFO 23892 --- [User-Service] [main] com.zaxxer.hikari.pool.HikariPool        : HikariPool-1 - Added connection com.mysql.cj.jdbc.ConnectionImpl@4971f459
2025-09-03T03:38:50.506+05:30  INFO 23892 --- [User-Service] [main] com.zaxxer.hikari.HikariDataSource       : HikariPool-1 - Start completed.
2025-09-03T03:38:52.213+05:30  INFO 23892 --- [User-Service] [main] o.hibernate.jpa.internal.util.LogHelper  : HHH000204: Processing PersistenceUnitInfo [name: default]
2025-09-03T03:38:52.291+05:30  INFO 23892 --- [User-Service] [main] org.hibernate.Version                    : HHH000412: Hibernate ORM core version 6.6.26.Final
2025-09-03T03:38:52.334+05:30  INFO 23892 --- [User-Service] [main] o.h.c.internal.RegionFactoryInitiator    : HHH000026: Second-level cache disabled
2025-09-03T03:38:52.744+05:30  INFO 23892 --- [User-Service] [main] o.s.o.j.p.SpringPersistenceUnitInfo      : No LoadTimeWeaver setup: ignoring JPA class transformer
2025-09-03T03:38:52.895+05:30  INFO 23892 --- [User-Service] [main] org.hibernate.orm.connections.pooling    : HHH10001005: Database info:
	Database JDBC URL [Connecting through datasource 'HikariDataSource (HikariPool-1)']
	Database driver: undefined/unknown
	Database version: 8.0.36
	Autocommit mode: undefined/unknown
	Isolation level: undefined/unknown
	Minimum pool size: undefined/unknown
	Maximum pool size: undefined/unknown
2025-09-03T03:38:53.727+05:30  INFO 23892 --- [User-Service] [main] o.h.e.t.j.p.i.JtaPlatformInitiator       : HHH000489: No JTA platform available (set 'hibernate.transaction.jta.platform' to enable JTA platform integration)
2025-09-03T03:38:55.057+05:30  INFO 23892 --- [User-Service] [main] j.LocalContainerEntityManagerFactoryBean : Initialized JPA EntityManagerFactory for persistence unit 'default'
2025-09-03T03:38:55.508+05:30  WARN 23892 --- [User-Service] [main] JpaBaseConfiguration$JpaWebConfiguration : spring.jpa.open-in-view is enabled by default. Therefore, database queries may be performed during view rendering. Explicitly configure spring.jpa.open-in-view to disable this warning
2025-09-03T03:38:55.970+05:30  INFO 23892 --- [User-Service] [main] o.s.b.w.embedded.tomcat.TomcatWebServer  : Tomcat started on port 3000 (http) with context path '/'
2025-09-03T03:38:55.979+05:30  INFO 23892 --- [User-Service] [main] c.C.UserService.UserServiceApplication   : Started UserServiceApplication in 8.952 seconds (process running for 9.619)
2025-09-03T03:48:12.254+05:30  INFO 23892 --- [User-Service] [SpringApplicationShutdownHook] o.s.b.w.e.tomcat.GracefulShutdown        : Commencing graceful shutdown. Waiting for active requests to complete
2025-09-03T03:48:12.266+05:30  INFO 23892 --- [User-Service] [tomcat-shutdown] o.s.b.w.e.tomcat.GracefulShutdown        : Graceful shutdown complete
2025-09-03T03:48:12.271+05:30  INFO 23892 --- [User-Service] [SpringApplicationShutdownHook] j.LocalContainerEntityManagerFactoryBean : Closing JPA EntityManagerFactory for persistence unit 'default'
2025-09-03T03:48:12.275+05:30  INFO 23892 --- [User-Service] [SpringApplicationShutdownHook] com.zaxxer.hikari.HikariDataSource       : HikariPool-1 - Shutdown initiated...
2025-09-03T03:48:12.283+05:30  INFO 23892 --- [User-Service] [SpringApplicationShutdownHook] com.zaxxer.hikari.HikariDataSource       : HikariPool-1 - Shutdown completed.
2025-09-03T03:48:16.735+05:30  INFO 10188 --- [User-Service] [main] c.C.UserService.UserServiceApplication   : Starting UserServiceApplication using Java 21.0.7 with PID 10188 (D:\Programming\Java_Programming\Projects\Code-Cluster\UserService\target\classes started by sudar in D:\Programming\Java_Programming\Projects\Code-Cluster)
2025-09-03T03:48:16.737+05:30  INFO 10188 --- [User-Service] [main] c.C.UserService.UserServiceApplication   : No active profile set, falling back to 1 default profile: "default"
2025-09-03T03:48:17.679+05:30  INFO 10188 --- [User-Service] [main] .s.d.r.c.RepositoryConfigurationDelegate : Bootstrapping Spring Data JPA repositories in DEFAULT mode.
2025-09-03T03:48:17.762+05:30  INFO 10188 --- [User-Service] [main] .s.d.r.c.RepositoryConfigurationDelegate : Finished Spring Data repository scanning in 70 ms. Found 1 JPA repository interface.
2025-09-03T03:48:18.326+05:30  INFO 10188 --- [User-Service] [main] o.s.b.w.embedded.tomcat.TomcatWebServer  : Tomcat initialized with port 3000 (http)
2025-09-03T03:48:18.352+05:30  INFO 10188 --- [User-Service] [main] o.apache.catalina.core.StandardService   : Starting service [Tomcat]
2025-09-03T03:48:18.352+05:30  INFO 10188 --- [User-Service] [main] o.apache.catalina.core.StandardEngine    : Starting Servlet engine: [Apache Tomcat/10.1.44]
2025-09-03T03:48:18.417+05:30  INFO 10188 --- [User-Service] [main] o.a.c.c.C.[Tomcat].[localhost].[/]       : Initializing Spring embedded WebApplicationContext
2025-09-03T03:48:18.417+05:30  INFO 10188 --- [User-Service] [main] w.s.c.ServletWebServerApplicationContext : Root WebApplicationContext: initialization completed in 1617 ms
2025-09-03T03:48:18.576+05:30  INFO 10188 --- [User-Service] [main] com.zaxxer.hikari.HikariDataSource       : HikariPool-1 - Starting...
2025-09-03T03:48:19.039+05:30  INFO 10188 --- [User-Service] [main] com.zaxxer.hikari.pool.HikariPool        : HikariPool-1 - Added connection com.mysql.cj.jdbc.ConnectionImpl@195580ba
2025-09-03T03:48:19.042+05:30  INFO 10188 --- [User-Service] [main] com.zaxxer.hikari.HikariDataSource       : HikariPool-1 - Start completed.
2025-09-03T03:48:19.623+05:30  INFO 10188 --- [User-Service] [main] o.hibernate.jpa.internal.util.LogHelper  : HHH000204: Processing PersistenceUnitInfo [name: default]
2025-09-03T03:48:19.703+05:30  INFO 10188 --- [User-Service] [main] org.hibernate.Version                    : HHH000412: Hibernate ORM core version 6.6.26.Final
2025-09-03T03:48:19.752+05:30  INFO 10188 --- [User-Service] [main] o.h.c.internal.RegionFactoryInitiator    : HHH000026: Second-level cache disabled
2025-09-03T03:48:20.104+05:30  INFO 10188 --- [User-Service] [main] o.s.o.j.p.SpringPersistenceUnitInfo      : No LoadTimeWeaver setup: ignoring JPA class transformer
2025-09-03T03:48:20.239+05:30  INFO 10188 --- [User-Service] [main] org.hibernate.orm.connections.pooling    : HHH10001005: Database info:
	Database JDBC URL [Connecting through datasource 'HikariDataSource (HikariPool-1)']
	Database driver: undefined/unknown
	Database version: 8.0.36
	Autocommit mode: undefined/unknown
	Isolation level: undefined/unknown
	Minimum pool size: undefined/unknown
	Maximum pool size: undefined/unknown
2025-09-03T03:48:21.076+05:30  INFO 10188 --- [User-Service] [main] o.h.e.t.j.p.i.JtaPlatformInitiator       : HHH000489: No JTA platform available (set 'hibernate.transaction.jta.platform' to enable JTA platform integration)
2025-09-03T03:48:21.439+05:30  INFO 10188 --- [User-Service] [main] j.LocalContainerEntityManagerFactoryBean : Initialized JPA EntityManagerFactory for persistence unit 'default'
2025-09-03T03:48:21.838+05:30  WARN 10188 --- [User-Service] [main] ConfigServletWebServerApplicationContext : Exception encountered during context initialization - cancelling refresh attempt: org.springframework.beans.factory.UnsatisfiedDependencyException: Error creating bean with name 'userController' defined in file [D:\Programming\Java_Programming\Projects\Code-Cluster\UserService\target\classes\com\CodeCluster\UserService\controller\UserController.class]: Unsatisfied dependency expressed through constructor parameter 0: Error creating bean with name 'userService' defined in file [D:\Programming\Java_Programming\Projects\Code-Cluster\UserService\target\classes\com\CodeCluster\UserService\service\UserService.class]: Unsatisfied dependency expressed through constructor parameter 0: Error creating bean with name 'userRepo' defined in com.CodeCluster.UserService.repo.UserRepo defined in @EnableJpaRepositories declared on JpaRepositoriesRegistrar.EnableJpaRepositoriesConfiguration: Could not create query for public abstract boolean com.CodeCluster.UserService.repo.UserRepo.existsByUserName(java.lang.String); Reason: Failed to create query for method public abstract boolean com.CodeCluster.UserService.repo.UserRepo.existsByUserName(java.lang.String); No property 'userName' found for type 'User'; Did you mean 'username'
2025-09-03T03:48:21.838+05:30  INFO 10188 --- [User-Service] [main] j.LocalContainerEntityManagerFactoryBean : Closing JPA EntityManagerFactory for persistence unit 'default'
2025-09-03T03:48:21.841+05:30  INFO 10188 --- [User-Service] [main] com.zaxxer.hikari.HikariDataSource       : HikariPool-1 - Shutdown initiated...
2025-09-03T03:48:21.854+05:30  INFO 10188 --- [User-Service] [main] com.zaxxer.hikari.HikariDataSource       : HikariPool-1 - Shutdown completed.
2025-09-03T03:48:21.857+05:30  INFO 10188 --- [User-Service] [main] o.apache.catalina.core.StandardService   : Stopping service [Tomcat]
2025-09-03T03:48:21.871+05:30  INFO 10188 --- [User-Service] [main] .s.b.a.l.ConditionEvaluationReportLogger : 

Error starting ApplicationContext. To display the condition evaluation report re-run your application with 'debug' enabled.
2025-09-03T03:48:21.903+05:30 ERROR 10188 --- [User-Service] [main] o.s.boot.SpringApplication               : Application run failed

org.springframework.beans.factory.UnsatisfiedDependencyException: Error creating bean with name 'userController' defined in file [D:\Programming\Java_Programming\Projects\Code-Cluster\UserService\target\classes\com\CodeCluster\UserService\controller\UserController.class]: Unsatisfied dependency expressed through constructor parameter 0: Error creating bean with name 'userService' defined in file [D:\Programming\Java_Programming\Projects\Code-Cluster\UserService\target\classes\com\CodeCluster\UserService\service\UserService.class]: Unsatisfied dependency expressed through constructor parameter 0: Error creating bean with name 'userRepo' defined in com.CodeCluster.UserService.repo.UserRepo defined in @EnableJpaRepositories declared on JpaRepositoriesRegistrar.EnableJpaRepositoriesConfiguration: Could not create query for public abstract boolean com.CodeCluster.UserService.repo.UserRepo.existsByUserName(java.lang.String); Reason: Failed to create query for method public abstract boolean com.CodeCluster.UserService.repo.UserRepo.existsByUserName(java.lang.String); No property 'userName' found for type 'User'; Did you mean 'username'
	at org.springframework.beans.factory.support.ConstructorResolver.createArgumentArray(ConstructorResolver.java:804) ~[spring-beans-6.2.10.jar:6.2.10]
	at org.springframework.beans.factory.support.ConstructorResolver.autowireConstructor(ConstructorResolver.java:240) ~[spring-beans-6.2.10.jar:6.2.10]
	at org.springframework.beans.factory.support.AbstractAutowireCapableBeanFactory.autowireConstructor(AbstractAutowireCapableBeanFactory.java:1395) ~[spring-beans-6.2.10.jar:6.2.10]
	at org.springframework.beans.factory.support.AbstractAutowireCapableBeanFactory.createBeanInstance(AbstractAutowireCapableBeanFactory.java:1232) ~[spring-beans-6.2.10.jar:6.2.10]
	at org.springframework.beans.factory.support.AbstractAutowireCapableBeanFactory.doCreateBean(AbstractAutowireCapableBeanFactory.java:569) ~[spring-beans-6.2.10.jar:6.2.10]
	at org.springframework.beans.factory.support.AbstractAutowireCapableBeanFactory.createBean(AbstractAutowireCapableBeanFactory.java:529) ~[spring-beans-6.2.10.jar:6.2.10]
	at org.springframework.beans.factory.support.AbstractBeanFactory.lambda$doGetBean$0(AbstractBeanFactory.java:339) ~[spring-beans-6.2.10.jar:6.2.10]
	at org.springframework.beans.factory.support.DefaultSingletonBeanRegistry.getSingleton(DefaultSingletonBeanRegistry.java:373) ~[spring-beans-6.2.10.jar:6.2.10]
	at org.springframework.beans.factory.support.AbstractBeanFactory.doGetBean(AbstractBeanFactory.java:337) ~[spring-beans-6.2.10.jar:6.2.10]
	at org.springframework.beans.factory.support.AbstractBeanFactory.getBean(AbstractBeanFactory.java:202) ~[spring-beans-6.2.10.jar:6.2.10]
	at org.springframework.beans.factory.support.DefaultListableBeanFactory.instantiateSingleton(DefaultListableBeanFactory.java:1222) ~[spring-beans-6.2.10.jar:6.2.10]
	at org.springframework.beans.factory.support.DefaultListableBeanFactory.preInstantiateSingleton(DefaultListableBeanFactory.java:1188) ~[spring-beans-6.2.10.jar:6.2.10]
	at org.springframework.beans.factory.support.DefaultListableBeanFactory.preInstantiateSingletons(DefaultListableBeanFactory.java:1123) ~[spring-beans-6.2.10.jar:6.2.10]
	at org.springframework.context.support.AbstractApplicationContext.finishBeanFactoryInitialization(AbstractApplicationContext.java:987) ~[spring-context-6.2.10.jar:6.2.10]
	at org.springframework.context.support.AbstractApplicationContext.refresh(AbstractApplicationContext.java:627) ~[spring-context-6.2.10.jar:6.2.10]
	at org.springframework.boot.web.servlet.context.ServletWebServerApplicationContext.refresh(ServletWebServerApplicationContext.java:146) ~[spring-boot-3.5.5.jar:3.5.5]
	at org.springframework.boot.SpringApplication.refresh(SpringApplication.java:752) ~[spring-boot-3.5.5.jar:3.5.5]
	at org.springframework.boot.SpringApplication.refreshContext(SpringApplication.java:439) ~[spring-boot-3.5.5.jar:3.5.5]
	at org.springframework.boot.SpringApplication.run(SpringApplication.java:318) ~[spring-boot-3.5.5.jar:3.5.5]
	at org.springframework.boot.SpringApplication.run(SpringApplication.java:1361) ~[spring-boot-3.5.5.jar:3.5.5]
	at org.springframework.boot.SpringApplication.run(SpringApplication.java:1350) ~[spring-boot-3.5.5.jar:3.5.5]
	at com.CodeCluster.UserService.UserServiceApplication.main(UserServiceApplication.java:10) ~[classes/:na]
Caused by: org.springframework.beans.factory.UnsatisfiedDependencyException: Error creating bean with name 'userService' defined in file [D:\Programming\Java_Programming\Projects\Code-Cluster\UserService\target\classes\com\CodeCluster\UserService\service\UserService.class]: Unsatisfied dependency expressed through constructor parameter 0: Error creating bean with name 'userRepo' defined in com.CodeCluster.UserService.repo.UserRepo defined in @EnableJpaRepositories declared on JpaRepositoriesRegistrar.EnableJpaRepositoriesConfiguration: Could not create query for public abstract boolean com.CodeCluster.UserService.repo.UserRepo.existsByUserName(java.lang.String); Reason: Failed to create query for method public abstract boolean com.CodeCluster.UserService.repo.UserRepo.existsByUserName(java.lang.String); No property 'userName' found for type 'User'; Did you mean 'username'
	at org.springframework.beans.factory.support.ConstructorResolver.createArgumentArray(ConstructorResolver.java:804) ~[spring-beans-6.2.10.jar:6.2.10]
	at org.springframework.beans.factory.support.ConstructorResolver.autowireConstructor(ConstructorResolver.java:240) ~[spring-beans-6.2.10.jar:6.2.10]
	at org.springframework.beans.factory.support.AbstractAutowireCapableBeanFactory.autowireConstructor(AbstractAutowireCapableBeanFactory.java:1395) ~[spring-beans-6.2.10.jar:6.2.10]
	at org.springframework.beans.factory.support.AbstractAutowireCapableBeanFactory.createBeanInstance(AbstractAutowireCapableBeanFactory.java:1232) ~[spring-beans-6.2.10.jar:6.2.10]
	at org.springframework.beans.factory.support.AbstractAutowireCapableBeanFactory.doCreateBean(AbstractAutowireCapableBeanFactory.java:569) ~[spring-beans-6.2.10.jar:6.2.10]
	at org.springframework.beans.factory.support.AbstractAutowireCapableBeanFactory.createBean(AbstractAutowireCapableBeanFactory.java:529) ~[spring-beans-6.2.10.jar:6.2.10]
	at org.springframework.beans.factory.support.AbstractBeanFactory.lambda$doGetBean$0(AbstractBeanFactory.java:339) ~[spring-beans-6.2.10.jar:6.2.10]
	at org.springframework.beans.factory.support.DefaultSingletonBeanRegistry.getSingleton(DefaultSingletonBeanRegistry.java:373) ~[spring-beans-6.2.10.jar:6.2.10]
	at org.springframework.beans.factory.support.AbstractBeanFactory.doGetBean(AbstractBeanFactory.java:337) ~[spring-beans-6.2.10.jar:6.2.10]
	at org.springframework.beans.factory.support.AbstractBeanFactory.getBean(AbstractBeanFactory.java:202) ~[spring-beans-6.2.10.jar:6.2.10]
	at org.springframework.beans.factory.support.DefaultListableBeanFactory.doResolveDependency(DefaultListableBeanFactory.java:1690) ~[spring-beans-6.2.10.jar:6.2.10]
	at org.springframework.beans.factory.support.DefaultListableBeanFactory.resolveDependency(DefaultListableBeanFactory.java:1635) ~[spring-beans-6.2.10.jar:6.2.10]
	at org.springframework.beans.factory.support.ConstructorResolver.resolveAutowiredArgument(ConstructorResolver.java:913) ~[spring-beans-6.2.10.jar:6.2.10]
	at org.springframework.beans.factory.support.ConstructorResolver.createArgumentArray(ConstructorResolver.java:791) ~[spring-beans-6.2.10.jar:6.2.10]
	... 21 common frames omitted
Caused by: org.springframework.beans.factory.BeanCreationException: Error creating bean with name 'userRepo' defined in com.CodeCluster.UserService.repo.UserRepo defined in @EnableJpaRepositories declared on JpaRepositoriesRegistrar.EnableJpaRepositoriesConfiguration: Could not create query for public abstract boolean com.CodeCluster.UserService.repo.UserRepo.existsByUserName(java.lang.String); Reason: Failed to create query for method public abstract boolean com.CodeCluster.UserService.repo.UserRepo.existsByUserName(java.lang.String); No property 'userName' found for type 'User'; Did you mean 'username'
	at org.springframework.beans.factory.support.AbstractAutowireCapableBeanFactory.initializeBean(AbstractAutowireCapableBeanFactory.java:1826) ~[spring-beans-6.2.10.jar:6.2.10]
	at org.springframework.beans.factory.support.AbstractAutowireCapableBeanFactory.doCreateBean(AbstractAutowireCapableBeanFactory.java:607) ~[spring-beans-6.2.10.jar:6.2.10]
	at org.springframework.beans.factory.support.AbstractAutowireCapableBeanFactory.createBean(AbstractAutowireCapableBeanFactory.java:529) ~[spring-beans-6.2.10.jar:6.2.10]
	at org.springframework.beans.factory.support.AbstractBeanFactory.lambda$doGetBean$0(AbstractBeanFactory.java:339) ~[spring-beans-6.2.10.jar:6.2.10]
	at org.springframework.beans.factory.support.DefaultSingletonBeanRegistry.getSingleton(DefaultSingletonBeanRegistry.java:373) ~[spring-beans-6.2.10.jar:6.2.10]
	at org.springframework.beans.factory.support.AbstractBeanFactory.doGetBean(AbstractBeanFactory.java:337) ~[spring-beans-6.2.10.jar:6.2.10]
	at org.springframework.beans.factory.support.AbstractBeanFactory.getBean(AbstractBeanFactory.java:202) ~[spring-beans-6.2.10.jar:6.2.10]
	at org.springframework.beans.factory.support.DefaultListableBeanFactory.doResolveDependency(DefaultListableBeanFactory.java:1690) ~[spring-beans-6.2.10.jar:6.2.10]
	at org.springframework.beans.factory.support.DefaultListableBeanFactory.resolveDependency(DefaultListableBeanFactory.java:1635) ~[spring-beans-6.2.10.jar:6.2.10]
	at org.springframework.beans.factory.support.ConstructorResolver.resolveAutowiredArgument(ConstructorResolver.java:913) ~[spring-beans-6.2.10.jar:6.2.10]
	at org.springframework.beans.factory.support.ConstructorResolver.createArgumentArray(ConstructorResolver.java:791) ~[spring-beans-6.2.10.jar:6.2.10]
	... 34 common frames omitted
Caused by: org.springframework.data.repository.query.QueryCreationException: Could not create query for public abstract boolean com.CodeCluster.UserService.repo.UserRepo.existsByUserName(java.lang.String); Reason: Failed to create query for method public abstract boolean com.CodeCluster.UserService.repo.UserRepo.existsByUserName(java.lang.String); No property 'userName' found for type 'User'; Did you mean 'username'
	at org.springframework.data.repository.query.QueryCreationException.create(QueryCreationException.java:101) ~[spring-data-commons-3.5.3.jar:3.5.3]
	at org.springframework.data.repository.core.support.QueryExecutorMethodInterceptor.lookupQuery(QueryExecutorMethodInterceptor.java:120) ~[spring-data-commons-3.5.3.jar:3.5.3]
	at org.springframework.data.repository.core.support.QueryExecutorMethodInterceptor.mapMethodsToQuery(QueryExecutorMethodInterceptor.java:104) ~[spring-data-commons-3.5.3.jar:3.5.3]
	at org.springframework.data.repository.core.support.QueryExecutorMethodInterceptor.lambda$new$0(QueryExecutorMethodInterceptor.java:92) ~[spring-data-commons-3.5.3.jar:3.5.3]
	at java.base/java.util.Optional.map(Optional.java:260) ~[na:na]
	at org.springframework.data.repository.core.support.QueryExecutorMethodInterceptor.<init>(QueryExecutorMethodInterceptor.java:92) ~[spring-data-commons-3.5.3.jar:3.5.3]
	at org.springframework.data.repository.core.support.RepositoryFactorySupport.getRepository(RepositoryFactorySupport.java:434) ~[spring-data-commons-3.5.3.jar:3.5.3]
	at org.springframework.data.repository.core.support.RepositoryFactoryBeanSupport.lambda$afterPropertiesSet$4(RepositoryFactoryBeanSupport.java:350) ~[spring-data-commons-3.5.3.jar:3.5.3]
	at org.springframework.data.util.Lazy.getNullable(Lazy.java:135) ~[spring-data-commons-3.5.3.jar:3.5.3]
	at org.springframework.data.util.Lazy.get(Lazy.java:113) ~[spring-data-commons-3.5.3.jar:3.5.3]
	at org.springframework.data.repository.core.support.RepositoryFactoryBeanSupport.afterPropertiesSet(RepositoryFactoryBeanSupport.java:356) ~[spring-data-commons-3.5.3.jar:3.5.3]
	at org.springframework.data.jpa.repository.support.JpaRepositoryFactoryBean.afterPropertiesSet(JpaRepositoryFactoryBean.java:132) ~[spring-data-jpa-3.5.3.jar:3.5.3]
	at org.springframework.beans.factory.support.AbstractAutowireCapableBeanFactory.invokeInitMethods(AbstractAutowireCapableBeanFactory.java:1873) ~[spring-beans-6.2.10.jar:6.2.10]
	at org.springframework.beans.factory.support.AbstractAutowireCapableBeanFactory.initializeBean(AbstractAutowireCapableBeanFactory.java:1822) ~[spring-beans-6.2.10.jar:6.2.10]
	... 44 common frames omitted
Caused by: java.lang.IllegalArgumentException: Failed to create query for method public abstract boolean com.CodeCluster.UserService.repo.UserRepo.existsByUserName(java.lang.String); No property 'userName' found for type 'User'; Did you mean 'username'
	at org.springframework.data.jpa.repository.query.PartTreeJpaQuery.<init>(PartTreeJpaQuery.java:107) ~[spring-data-jpa-3.5.3.jar:3.5.3]
	at org.springframework.data.jpa.repository.query.JpaQueryLookupStrategy$CreateQueryLookupStrategy.resolveQuery(JpaQueryLookupStrategy.java:128) ~[spring-data-jpa-3.5.3.jar:3.5.3]
	at org.springframework.data.jpa.repository.query.JpaQueryLookupStrategy$CreateIfNotFoundQueryLookupStrategy.resolveQuery(JpaQueryLookupStrategy.java:260) ~[spring-data-jpa-3.5.3.jar:3.5.3]
	at org.springframework.data.jpa.repository.query.JpaQueryLookupStrategy$AbstractQueryLookupStrategy.resolveQuery(JpaQueryLookupStrategy.java:99) ~[spring-data-jpa-3.5.3.jar:3.5.3]
	at org.springframework.data.repository.core.support.QueryExecutorMethodInterceptor.lookupQuery(QueryExecutorMethodInterceptor.java:116) ~[spring-data-commons-3.5.3.jar:3.5.3]
	... 56 common frames omitted
Caused by: org.springframework.data.mapping.PropertyReferenceException: No property 'userName' found for type 'User'; Did you mean 'username'
	at org.springframework.data.mapping.PropertyPath.<init>(PropertyPath.java:94) ~[spring-data-commons-3.5.3.jar:3.5.3]
	at org.springframework.data.mapping.PropertyPath.create(PropertyPath.java:455) ~[spring-data-commons-3.5.3.jar:3.5.3]
	at org.springframework.data.mapping.PropertyPath.create(PropertyPath.java:431) ~[spring-data-commons-3.5.3.jar:3.5.3]
	at org.springframework.data.mapping.PropertyPath.lambda$from$0(PropertyPath.java:384) ~[spring-data-commons-3.5.3.jar:3.5.3]
	at java.base/java.util.concurrent.ConcurrentMap.computeIfAbsent(ConcurrentMap.java:330) ~[na:na]
	at org.springframework.data.mapping.PropertyPath.from(PropertyPath.java:366) ~[spring-data-commons-3.5.3.jar:3.5.3]
	at org.springframework.data.mapping.PropertyPath.from(PropertyPath.java:344) ~[spring-data-commons-3.5.3.jar:3.5.3]
	at org.springframework.data.repository.query.parser.Part.<init>(Part.java:81) ~[spring-data-commons-3.5.3.jar:3.5.3]
	at org.springframework.data.repository.query.parser.PartTree$OrPart.lambda$new$0(PartTree.java:259) ~[spring-data-commons-3.5.3.jar:3.5.3]
	at java.base/java.util.stream.ReferencePipeline$3$1.accept(ReferencePipeline.java:197) ~[na:na]
	at java.base/java.util.stream.ReferencePipeline$2$1.accept(ReferencePipeline.java:179) ~[na:na]
	at java.base/java.util.Spliterators$ArraySpliterator.forEachRemaining(Spliterators.java:1024) ~[na:na]
	at java.base/java.util.stream.AbstractPipeline.copyInto(AbstractPipeline.java:509) ~[na:na]
	at java.base/java.util.stream.AbstractPipeline.wrapAndCopyInto(AbstractPipeline.java:499) ~[na:na]
	at java.base/java.util.stream.ReduceOps$ReduceOp.evaluateSequential(ReduceOps.java:921) ~[na:na]
	at java.base/java.util.stream.AbstractPipeline.evaluate(AbstractPipeline.java:234) ~[na:na]
	at java.base/java.util.stream.ReferencePipeline.collect(ReferencePipeline.java:682) ~[na:na]
	at org.springframework.data.repository.query.parser.PartTree$OrPart.<init>(PartTree.java:260) ~[spring-data-commons-3.5.3.jar:3.5.3]
	at org.springframework.data.repository.query.parser.PartTree$Predicate.lambda$new$0(PartTree.java:389) ~[spring-data-commons-3.5.3.jar:3.5.3]
	at java.base/java.util.stream.ReferencePipeline$3$1.accept(ReferencePipeline.java:197) ~[na:na]
	at java.base/java.util.stream.ReferencePipeline$2$1.accept(ReferencePipeline.java:179) ~[na:na]
	at java.base/java.util.Spliterators$ArraySpliterator.forEachRemaining(Spliterators.java:1024) ~[na:na]
	at java.base/java.util.stream.AbstractPipeline.copyInto(AbstractPipeline.java:509) ~[na:na]
	at java.base/java.util.stream.AbstractPipeline.wrapAndCopyInto(AbstractPipeline.java:499) ~[na:na]
	at java.base/java.util.stream.ReduceOps$ReduceOp.evaluateSequential(ReduceOps.java:921) ~[na:na]
	at java.base/java.util.stream.AbstractPipeline.evaluate(AbstractPipeline.java:234) ~[na:na]
	at java.base/java.util.stream.ReferencePipeline.collect(ReferencePipeline.java:682) ~[na:na]
	at org.springframework.data.repository.query.parser.PartTree$Predicate.<init>(PartTree.java:390) ~[spring-data-commons-3.5.3.jar:3.5.3]
	at org.springframework.data.repository.query.parser.PartTree.<init>(PartTree.java:103) ~[spring-data-commons-3.5.3.jar:3.5.3]
	at org.springframework.data.jpa.repository.query.PartTreeJpaQuery.<init>(PartTreeJpaQuery.java:101) ~[spring-data-jpa-3.5.3.jar:3.5.3]
	... 60 common frames omitted

